============================================================================================== 
Warning! Mixing Conda and module environments may lead to corruption of the
user environment. 
We do not recommend users mixing those two environments unless absolutely
necessary. Note that 
SURF does not provide any support for Conda environment.
For more information, please refer to our software policy page:
https://servicedesk.surf.nl/wiki/display/WIKI/Software+policy+Snellius#SoftwarepolicySnellius-UseofAnacondaandMinicondaenvironmentsonSnellius 

Remember that many packages have already been installed on the system and can
be loaded using 
the 'module load <package__name>' command. If you are uncertain if a package is
already available 
on the system, please use 'module avail' or 'module spider' to search for it.
============================================================================================== 
***********************POKEC-N***********************
==========GCN-spmm==========
features: torch.Size([66656, 265])
  0%|          | 0/5 [00:00<?, ?run/s] 20%|██        | 1/5 [03:25<13:42, 205.56s/run] 40%|████      | 2/5 [06:50<10:15, 205.04s/run] 60%|██████    | 3/5 [10:14<06:49, 204.91s/run] 80%|████████  | 4/5 [13:39<03:24, 204.84s/run]100%|██████████| 5/5 [17:04<00:00, 204.77s/run]100%|██████████| 5/5 [17:04<00:00, 204.88s/run]
======pokec_n_poisonedGCN======
auc_roc: 71.94968209996061 0.4129820056698812
Acc: 68.0909090909091 0.4954336943068633
f1: 59.332049020757324 1.529940133221364
parity: 2.372946881557163 1.9104086445176238
equality: 3.899675279399167 2.6822895160614806

JOB STATISTICS
==============
Job ID: 9547348
Cluster: snellius
User/Group: tiancu/tiancu
State: COMPLETED (exit code 0)
Nodes: 1
Cores per node: 18
CPU Utilized: 00:17:39
CPU Efficiency: 5.43% of 05:25:12 core-walltime
Job Wall-clock time: 00:18:04
Memory Utilized: 1.04 GB
Memory Efficiency: 0.87% of 120.00 GB
