============================================================================================== 
Warning! Mixing Conda and module environments may lead to corruption of the
user environment. 
We do not recommend users mixing those two environments unless absolutely
necessary. Note that 
SURF does not provide any support for Conda environment.
For more information, please refer to our software policy page:
https://servicedesk.surf.nl/wiki/display/WIKI/Software+policy+Snellius#SoftwarepolicySnellius-UseofAnacondaandMinicondaenvironmentsonSnellius 

Remember that many packages have already been installed on the system and can
be loaded using 
the 'module load <package__name>' command. If you are uncertain if a package is
already available 
on the system, please use 'module avail' or 'module spider' to search for it.
============================================================================================== 
Traceback (most recent call last):
  File "/gpfs/home6/tiancu/matthias/FairVGNN/inspect.py", line 1, in <module>
    import dgl
  File "/home/tiancu/.conda/envs/fact_cloned/lib/python3.12/site-packages/dgl/__init__.py", line 14, in <module>
    from .backend import backend_name, load_backend  # usort: skip
    ^^^^^^^^^^^^^^^^^^^^^^^^^^^^^^^^^^^^^^^^^^^^^^^
  File "/home/tiancu/.conda/envs/fact_cloned/lib/python3.12/site-packages/dgl/backend/__init__.py", line 122, in <module>
    load_backend(get_preferred_backend())
  File "/home/tiancu/.conda/envs/fact_cloned/lib/python3.12/site-packages/dgl/backend/__init__.py", line 37, in load_backend
    import torch
  File "/home/tiancu/.conda/envs/fact_cloned/lib/python3.12/site-packages/torch/__init__.py", line 19, in <module>
    import inspect
  File "/gpfs/home6/tiancu/matthias/FairVGNN/inspect.py", line 7, in <module>
    glist, _ = dgl.load_graphs(f'{path}/{dataset}.bin')
               ^^^^^^^^^^^^^^^
AttributeError: partially initialized module 'dgl' has no attribute 'load_graphs' (most likely due to a circular import)

JOB STATISTICS
==============
Job ID: 9548732
Cluster: snellius
User/Group: tiancu/tiancu
State: FAILED (exit code 1)
Nodes: 1
Cores per node: 18
CPU Utilized: 00:00:00
CPU Efficiency: 0.00% of 00:03:36 core-walltime
Job Wall-clock time: 00:00:12
Memory Utilized: 2.28 MB
Memory Efficiency: 0.00% of 120.00 GB
