============================================================================================== 
Warning! Mixing Conda and module environments may lead to corruption of the
user environment. 
We do not recommend users mixing those two environments unless absolutely
necessary. Note that 
SURF does not provide any support for Conda environment.
For more information, please refer to our software policy page:
https://servicedesk.surf.nl/wiki/display/WIKI/Software+policy+Snellius#SoftwarepolicySnellius-UseofAnacondaandMinicondaenvironmentsonSnellius 

Remember that many packages have already been installed on the system and can
be loaded using 
the 'module load <package__name>' command. If you are uncertain if a package is
already available 
on the system, please use 'module avail' or 'module spider' to search for it.
============================================================================================== 
***********************POKEC-N***********************
==========GCN-spmm==========
features: torch.Size([66656, 265])
tensor(4287) tensor(4510)
tensor(2141) tensor(2257)
tensor(1084) tensor(1115)
tensor(1062) tensor(1138)
tensor([1.0000, 1.0286, 1.0000,  ..., 1.0286, 1.0000, 1.0286]) tensor([0., 1., 0.,  ..., 1., 0., 1.])
  0%|          | 0/5 [00:00<?, ?run/s] 20%|██        | 1/5 [00:14<00:58, 14.53s/run] 40%|████      | 2/5 [00:28<00:42, 14.13s/run] 60%|██████    | 3/5 [00:42<00:28, 14.01s/run] 80%|████████  | 4/5 [00:56<00:13, 13.95s/run]100%|██████████| 5/5 [01:09<00:00, 13.92s/run]100%|██████████| 5/5 [01:09<00:00, 13.99s/run]
pred_test: tensor([0., 0., 0.,  ..., 0., 0., 0.], device='cuda:0')
data: tensor([1., 0., 0.,  ..., 1., 1., 0.], device='cuda:0')
ratio: 0.5172727272727272
pred_test: tensor([0., 0., 0.,  ..., 0., 0., 0.], device='cuda:0')
data: tensor([1., 0., 0.,  ..., 1., 1., 0.], device='cuda:0')
ratio: 0.5209090909090909
pred_test: tensor([0., 0., 0.,  ..., 0., 0., 0.], device='cuda:0')
data: tensor([1., 0., 0.,  ..., 1., 1., 0.], device='cuda:0')
ratio: 0.5172727272727272
pred_test: tensor([0., 0., 0.,  ..., 0., 0., 0.], device='cuda:0')
data: tensor([1., 0., 0.,  ..., 1., 1., 0.], device='cuda:0')
ratio: 0.5263636363636364
pred_test: tensor([0., 0., 0.,  ..., 0., 0., 0.], device='cuda:0')
data: tensor([1., 0., 0.,  ..., 1., 1., 0.], device='cuda:0')
ratio: 0.5322727272727272
pred_test: tensor([0., 0., 0.,  ..., 0., 0., 0.], device='cuda:0')
data: tensor([1., 0., 0.,  ..., 1., 1., 0.], device='cuda:0')
ratio: 0.5331818181818182
pred_test: tensor([0., 0., 0.,  ..., 0., 0., 0.], device='cuda:0')
data: tensor([1., 0., 0.,  ..., 1., 1., 0.], device='cuda:0')
ratio: 0.5468181818181819
pred_test: tensor([1., 0., 0.,  ..., 0., 0., 0.], device='cuda:0')
data: tensor([1., 0., 0.,  ..., 1., 1., 0.], device='cuda:0')
ratio: 0.5536363636363636
pred_test: tensor([1., 0., 0.,  ..., 0., 0., 0.], device='cuda:0')
data: tensor([1., 0., 0.,  ..., 1., 1., 0.], device='cuda:0')
ratio: 0.5477272727272727
pred_test: tensor([1., 0., 0.,  ..., 0., 0., 0.], device='cuda:0')
data: tensor([1., 0., 0.,  ..., 1., 1., 0.], device='cuda:0')
ratio: 0.5913636363636363
pred_test: tensor([1., 0., 0.,  ..., 0., 0., 0.], device='cuda:0')
data: tensor([1., 0., 0.,  ..., 1., 1., 0.], device='cuda:0')
ratio: 0.5936363636363636
pred_test: tensor([1., 0., 0.,  ..., 0., 0., 0.], device='cuda:0')
data: tensor([1., 0., 0.,  ..., 1., 1., 0.], device='cuda:0')
ratio: 0.6127272727272727
pred_test: tensor([1., 0., 0.,  ..., 0., 0., 0.], device='cuda:0')
data: tensor([1., 0., 0.,  ..., 1., 1., 0.], device='cuda:0')
ratio: 0.6177272727272727
pred_test: tensor([1., 0., 0.,  ..., 0., 0., 0.], device='cuda:0')
data: tensor([1., 0., 0.,  ..., 1., 1., 0.], device='cuda:0')
ratio: 0.6645454545454546
pred_test: tensor([1., 0., 1.,  ..., 1., 0., 0.], device='cuda:0')
data: tensor([1., 0., 0.,  ..., 1., 1., 0.], device='cuda:0')
ratio: 0.6731818181818182
pred_test: tensor([1., 0., 0.,  ..., 0., 0., 0.], device='cuda:0')
data: tensor([1., 0., 0.,  ..., 1., 1., 0.], device='cuda:0')
ratio: 0.6445454545454545
pred_test: tensor([1., 0., 0.,  ..., 0., 0., 0.], device='cuda:0')
data: tensor([1., 0., 0.,  ..., 1., 1., 0.], device='cuda:0')
ratio: 0.6622727272727272
pred_test: tensor([1., 0., 1.,  ..., 1., 0., 0.], device='cuda:0')
data: tensor([1., 0., 0.,  ..., 1., 1., 0.], device='cuda:0')
ratio: 0.6886363636363636
pred_test: tensor([1., 0., 0.,  ..., 0., 0., 0.], device='cuda:0')
data: tensor([1., 0., 0.,  ..., 1., 1., 0.], device='cuda:0')
ratio: 0.6668181818181819
pred_test: tensor([1., 0., 0.,  ..., 0., 0., 0.], device='cuda:0')
data: tensor([1., 0., 0.,  ..., 1., 1., 0.], device='cuda:0')
ratio: 0.6536363636363637
pred_test: tensor([1., 0., 0.,  ..., 1., 0., 0.], device='cuda:0')
data: tensor([1., 0., 0.,  ..., 1., 1., 0.], device='cuda:0')
ratio: 0.6663636363636364
pred_test: tensor([1., 0., 0.,  ..., 1., 0., 0.], device='cuda:0')
data: tensor([1., 0., 0.,  ..., 1., 1., 0.], device='cuda:0')
ratio: 0.6827272727272727
pred_test: tensor([1., 0., 0.,  ..., 1., 0., 0.], device='cuda:0')
data: tensor([1., 0., 0.,  ..., 1., 1., 0.], device='cuda:0')
ratio: 0.6768181818181818
pred_test: tensor([1., 1., 1.,  ..., 1., 0., 0.], device='cuda:0')
data: tensor([1., 0., 0.,  ..., 1., 1., 0.], device='cuda:0')
ratio: 0.6754545454545454
pred_test: tensor([1., 0., 0.,  ..., 1., 0., 0.], device='cuda:0')
data: tensor([1., 0., 0.,  ..., 1., 1., 0.], device='cuda:0')
ratio: 0.6827272727272727
pred_test: tensor([1., 0., 0.,  ..., 1., 0., 0.], device='cuda:0')
data: tensor([1., 0., 0.,  ..., 1., 1., 0.], device='cuda:0')
ratio: 0.6804545454545454
pred_test: tensor([1., 0., 0.,  ..., 1., 0., 0.], device='cuda:0')
data: tensor([1., 0., 0.,  ..., 1., 1., 0.], device='cuda:0')
ratio: 0.6804545454545454
pred_test: tensor([1., 0., 0.,  ..., 1., 0., 0.], device='cuda:0')
data: tensor([1., 0., 0.,  ..., 1., 1., 0.], device='cuda:0')
ratio: 0.6809090909090909
pred_test: tensor([1., 1., 0.,  ..., 1., 0., 0.], device='cuda:0')
data: tensor([1., 0., 0.,  ..., 1., 1., 0.], device='cuda:0')
ratio: 0.6831818181818182
pred_test: tensor([1., 0., 1.,  ..., 1., 0., 0.], device='cuda:0')
data: tensor([1., 0., 0.,  ..., 1., 1., 0.], device='cuda:0')
ratio: 0.6804545454545454
pred_test: tensor([1., 1., 1.,  ..., 1., 0., 0.], device='cuda:0')
data: tensor([1., 0., 0.,  ..., 1., 1., 0.], device='cuda:0')
ratio: 0.6745454545454546
pred_test: tensor([1., 1., 0.,  ..., 1., 0., 0.], device='cuda:0')
data: tensor([1., 0., 0.,  ..., 1., 1., 0.], device='cuda:0')
ratio: 0.6795454545454546
pred_test: tensor([1., 0., 0.,  ..., 1., 0., 0.], device='cuda:0')
data: tensor([1., 0., 0.,  ..., 1., 1., 0.], device='cuda:0')
ratio: 0.6854545454545454
pred_test: tensor([1., 1., 0.,  ..., 1., 0., 0.], device='cuda:0')
data: tensor([1., 0., 0.,  ..., 1., 1., 0.], device='cuda:0')
ratio: 0.6672727272727272
pred_test: tensor([1., 0., 0.,  ..., 1., 0., 0.], device='cuda:0')
data: tensor([1., 0., 0.,  ..., 1., 1., 0.], device='cuda:0')
ratio: 0.6836363636363636
pred_test: tensor([1., 0., 0.,  ..., 1., 0., 0.], device='cuda:0')
data: tensor([1., 0., 0.,  ..., 1., 1., 0.], device='cuda:0')
ratio: 0.6804545454545454
pred_test: tensor([1., 1., 0.,  ..., 1., 0., 0.], device='cuda:0')
data: tensor([1., 0., 0.,  ..., 1., 1., 0.], device='cuda:0')
ratio: 0.6863636363636364
pred_test: tensor([1., 1., 1.,  ..., 1., 0., 0.], device='cuda:0')
data: tensor([1., 0., 0.,  ..., 1., 1., 0.], device='cuda:0')
ratio: 0.6709090909090909
pred_test: tensor([1., 1., 0.,  ..., 1., 0., 0.], device='cuda:0')
data: tensor([1., 0., 0.,  ..., 1., 1., 0.], device='cuda:0')
ratio: 0.6690909090909091
pred_test: tensor([1., 0., 0.,  ..., 1., 0., 0.], device='cuda:0')
data: tensor([1., 0., 0.,  ..., 1., 1., 0.], device='cuda:0')
ratio: 0.6822727272727273
pred_test: tensor([1., 0., 1.,  ..., 1., 0., 0.], device='cuda:0')
data: tensor([1., 0., 0.,  ..., 1., 1., 0.], device='cuda:0')
ratio: 0.6813636363636364
pred_test: tensor([1., 0., 0.,  ..., 1., 0., 0.], device='cuda:0')
data: tensor([1., 0., 0.,  ..., 1., 1., 0.], device='cuda:0')
ratio: 0.6763636363636364
pred_test: tensor([1., 1., 1.,  ..., 1., 0., 0.], device='cuda:0')
data: tensor([1., 0., 0.,  ..., 1., 1., 0.], device='cuda:0')
ratio: 0.6522727272727272
pred_test: tensor([1., 0., 0.,  ..., 1., 0., 0.], device='cuda:0')
data: tensor([1., 0., 0.,  ..., 1., 1., 0.], device='cuda:0')
ratio: 0.6831818181818182
pred_test: tensor([1., 0., 0.,  ..., 1., 0., 0.], device='cuda:0')
data: tensor([1., 0., 0.,  ..., 1., 1., 0.], device='cuda:0')
ratio: 0.6836363636363636
pred_test: tensor([1., 0., 0.,  ..., 1., 0., 0.], device='cuda:0')
data: tensor([1., 0., 0.,  ..., 1., 1., 0.], device='cuda:0')
ratio: 0.6763636363636364
pred_test: tensor([1., 1., 1.,  ..., 1., 0., 0.], device='cuda:0')
data: tensor([1., 0., 0.,  ..., 1., 1., 0.], device='cuda:0')
ratio: 0.66
pred_test: tensor([1., 1., 1.,  ..., 1., 0., 0.], device='cuda:0')
data: tensor([1., 0., 0.,  ..., 1., 1., 0.], device='cuda:0')
ratio: 0.6795454545454546
pred_test: tensor([1., 0., 0.,  ..., 1., 0., 0.], device='cuda:0')
data: tensor([1., 0., 0.,  ..., 1., 1., 0.], device='cuda:0')
ratio: 0.685
pred_test: tensor([1., 1., 1.,  ..., 1., 0., 0.], device='cuda:0')
data: tensor([1., 0., 0.,  ..., 1., 1., 0.], device='cuda:0')
ratio: 0.67
pred_test: tensor([1., 0., 0.,  ..., 1., 0., 0.], device='cuda:0')
data: tensor([1., 0., 0.,  ..., 1., 1., 0.], device='cuda:0')
ratio: 0.6859090909090909
pred_test: tensor([1., 0., 0.,  ..., 1., 0., 0.], device='cuda:0')
data: tensor([1., 0., 0.,  ..., 1., 1., 0.], device='cuda:0')
ratio: 0.6840909090909091
pred_test: tensor([1., 1., 0.,  ..., 1., 0., 0.], device='cuda:0')
data: tensor([1., 0., 0.,  ..., 1., 1., 0.], device='cuda:0')
ratio: 0.6822727272727273
pred_test: tensor([1., 1., 0.,  ..., 1., 0., 0.], device='cuda:0')
data: tensor([1., 0., 0.,  ..., 1., 1., 0.], device='cuda:0')
ratio: 0.6831818181818182
pred_test: tensor([1., 0., 0.,  ..., 1., 0., 0.], device='cuda:0')
data: tensor([1., 0., 0.,  ..., 1., 1., 0.], device='cuda:0')
ratio: 0.6827272727272727
pred_test: tensor([1., 0., 0.,  ..., 1., 0., 0.], device='cuda:0')
data: tensor([1., 0., 0.,  ..., 1., 1., 0.], device='cuda:0')
ratio: 0.6872727272727273
pred_test: tensor([1., 0., 0.,  ..., 1., 0., 0.], device='cuda:0')
data: tensor([1., 0., 0.,  ..., 1., 1., 0.], device='cuda:0')
ratio: 0.6931818181818182
pred_test: tensor([1., 0., 0.,  ..., 1., 0., 0.], device='cuda:0')
data: tensor([1., 0., 0.,  ..., 1., 1., 0.], device='cuda:0')
ratio: 0.6822727272727273
pred_test: tensor([1., 0., 0.,  ..., 1., 0., 0.], device='cuda:0')
data: tensor([1., 0., 0.,  ..., 1., 1., 0.], device='cuda:0')
ratio: 0.6872727272727273
pred_test: tensor([1., 0., 0.,  ..., 1., 0., 0.], device='cuda:0')
data: tensor([1., 0., 0.,  ..., 1., 1., 0.], device='cuda:0')
ratio: 0.6836363636363636
pred_test: tensor([1., 0., 0.,  ..., 1., 0., 0.], device='cuda:0')
data: tensor([1., 0., 0.,  ..., 1., 1., 0.], device='cuda:0')
ratio: 0.6877272727272727
pred_test: tensor([1., 0., 0.,  ..., 1., 0., 0.], device='cuda:0')
data: tensor([1., 0., 0.,  ..., 1., 1., 0.], device='cuda:0')
ratio: 0.6813636363636364
pred_test: tensor([1., 1., 1.,  ..., 1., 0., 0.], device='cuda:0')
data: tensor([1., 0., 0.,  ..., 1., 1., 0.], device='cuda:0')
ratio: 0.6659090909090909
pred_test: tensor([1., 0., 0.,  ..., 1., 0., 0.], device='cuda:0')
data: tensor([1., 0., 0.,  ..., 1., 1., 0.], device='cuda:0')
ratio: 0.6872727272727273
pred_test: tensor([1., 0., 0.,  ..., 1., 0., 0.], device='cuda:0')
data: tensor([1., 0., 0.,  ..., 1., 1., 0.], device='cuda:0')
ratio: 0.6845454545454546
pred_test: tensor([1., 0., 0.,  ..., 1., 0., 0.], device='cuda:0')
data: tensor([1., 0., 0.,  ..., 1., 1., 0.], device='cuda:0')
ratio: 0.6804545454545454
pred_test: tensor([1., 0., 0.,  ..., 1., 0., 0.], device='cuda:0')
data: tensor([1., 0., 0.,  ..., 1., 1., 0.], device='cuda:0')
ratio: 0.675
pred_test: tensor([1., 0., 1.,  ..., 1., 0., 0.], device='cuda:0')
data: tensor([1., 0., 0.,  ..., 1., 1., 0.], device='cuda:0')
ratio: 0.6668181818181819
pred_test: tensor([1., 0., 0.,  ..., 1., 0., 0.], device='cuda:0')
data: tensor([1., 0., 0.,  ..., 1., 1., 0.], device='cuda:0')
ratio: 0.6836363636363636
pred_test: tensor([1., 0., 0.,  ..., 1., 0., 0.], device='cuda:0')
data: tensor([1., 0., 0.,  ..., 1., 1., 0.], device='cuda:0')
ratio: 0.6863636363636364
pred_test: tensor([1., 0., 0.,  ..., 1., 0., 0.], device='cuda:0')
data: tensor([1., 0., 0.,  ..., 1., 1., 0.], device='cuda:0')
ratio: 0.6804545454545454
pred_test: tensor([1., 1., 1.,  ..., 1., 0., 0.], device='cuda:0')
data: tensor([1., 0., 0.,  ..., 1., 1., 0.], device='cuda:0')
ratio: 0.6486363636363637
pred_test: tensor([1., 0., 0.,  ..., 1., 0., 0.], device='cuda:0')
data: tensor([1., 0., 0.,  ..., 1., 1., 0.], device='cuda:0')
ratio: 0.6786363636363636
pred_test: tensor([1., 0., 0.,  ..., 1., 0., 0.], device='cuda:0')
data: tensor([1., 0., 0.,  ..., 1., 1., 0.], device='cuda:0')
ratio: 0.6772727272727272
pred_test: tensor([1., 1., 0.,  ..., 1., 0., 0.], device='cuda:0')
data: tensor([1., 0., 0.,  ..., 1., 1., 0.], device='cuda:0')
ratio: 0.6727272727272727
pred_test: tensor([1., 0., 0.,  ..., 1., 0., 0.], device='cuda:0')
data: tensor([1., 0., 0.,  ..., 1., 1., 0.], device='cuda:0')
ratio: 0.6840909090909091
pred_test: tensor([1., 1., 1.,  ..., 1., 0., 0.], device='cuda:0')
data: tensor([1., 0., 0.,  ..., 1., 1., 0.], device='cuda:0')
ratio: 0.6681818181818182
pred_test: tensor([1., 1., 0.,  ..., 1., 0., 0.], device='cuda:0')
data: tensor([1., 0., 0.,  ..., 1., 1., 0.], device='cuda:0')
ratio: 0.6740909090909091
pred_test: tensor([1., 0., 1.,  ..., 1., 0., 0.], device='cuda:0')
data: tensor([1., 0., 0.,  ..., 1., 1., 0.], device='cuda:0')
ratio: 0.6745454545454546
pred_test: tensor([1., 0., 0.,  ..., 1., 0., 0.], device='cuda:0')
data: tensor([1., 0., 0.,  ..., 1., 1., 0.], device='cuda:0')
ratio: 0.685
pred_test: tensor([1., 0., 0.,  ..., 1., 0., 0.], device='cuda:0')
data: tensor([1., 0., 0.,  ..., 1., 1., 0.], device='cuda:0')
ratio: 0.6895454545454546
pred_test: tensor([1., 0., 0.,  ..., 1., 0., 0.], device='cuda:0')
data: tensor([1., 0., 0.,  ..., 1., 1., 0.], device='cuda:0')
ratio: 0.6822727272727273
pred_test: tensor([1., 0., 0.,  ..., 1., 0., 0.], device='cuda:0')
data: tensor([1., 0., 0.,  ..., 1., 1., 0.], device='cuda:0')
ratio: 0.6809090909090909
pred_test: tensor([1., 0., 0.,  ..., 1., 0., 0.], device='cuda:0')
data: tensor([1., 0., 0.,  ..., 1., 1., 0.], device='cuda:0')
ratio: 0.6763636363636364
pred_test: tensor([1., 0., 0.,  ..., 1., 0., 0.], device='cuda:0')
data: tensor([1., 0., 0.,  ..., 1., 1., 0.], device='cuda:0')
ratio: 0.6827272727272727
pred_test: tensor([1., 0., 1.,  ..., 1., 0., 0.], device='cuda:0')
data: tensor([1., 0., 0.,  ..., 1., 1., 0.], device='cuda:0')
ratio: 0.6813636363636364
pred_test: tensor([1., 1., 0.,  ..., 1., 0., 0.], device='cuda:0')
data: tensor([1., 0., 0.,  ..., 1., 1., 0.], device='cuda:0')
ratio: 0.6736363636363636
pred_test: tensor([1., 0., 0.,  ..., 1., 0., 0.], device='cuda:0')
data: tensor([1., 0., 0.,  ..., 1., 1., 0.], device='cuda:0')
ratio: 0.6868181818181818
pred_test: tensor([1., 0., 0.,  ..., 1., 0., 0.], device='cuda:0')
data: tensor([1., 0., 0.,  ..., 1., 1., 0.], device='cuda:0')
ratio: 0.6836363636363636
pred_test: tensor([1., 0., 0.,  ..., 1., 0., 0.], device='cuda:0')
data: tensor([1., 0., 0.,  ..., 1., 1., 0.], device='cuda:0')
ratio: 0.6790909090909091
pred_test: tensor([1., 0., 1.,  ..., 1., 0., 0.], device='cuda:0')
data: tensor([1., 0., 0.,  ..., 1., 1., 0.], device='cuda:0')
ratio: 0.6563636363636364
pred_test: tensor([1., 0., 0.,  ..., 1., 0., 0.], device='cuda:0')
data: tensor([1., 0., 0.,  ..., 1., 1., 0.], device='cuda:0')
ratio: 0.6831818181818182
pred_test: tensor([1., 0., 0.,  ..., 1., 0., 0.], device='cuda:0')
data: tensor([1., 0., 0.,  ..., 1., 1., 0.], device='cuda:0')
ratio: 0.6668181818181819
pred_test: tensor([1., 0., 0.,  ..., 1., 0., 0.], device='cuda:0')
data: tensor([1., 0., 0.,  ..., 1., 1., 0.], device='cuda:0')
ratio: 0.6877272727272727
pred_test: tensor([1., 0., 0.,  ..., 1., 0., 0.], device='cuda:0')
data: tensor([1., 0., 0.,  ..., 1., 1., 0.], device='cuda:0')
ratio: 0.6640909090909091
pred_test: tensor([1., 0., 0.,  ..., 1., 0., 0.], device='cuda:0')
data: tensor([1., 0., 0.,  ..., 1., 1., 0.], device='cuda:0')
ratio: 0.6772727272727272
pred_test: tensor([1., 1., 0.,  ..., 1., 0., 0.], device='cuda:0')
data: tensor([1., 0., 0.,  ..., 1., 1., 0.], device='cuda:0')
ratio: 0.6486363636363637
pred_test: tensor([1., 0., 0.,  ..., 1., 0., 0.], device='cuda:0')
data: tensor([1., 0., 0.,  ..., 1., 1., 0.], device='cuda:0')
ratio: 0.6854545454545454
pred_test: tensor([1., 0., 0.,  ..., 1., 0., 0.], device='cuda:0')
data: tensor([1., 0., 0.,  ..., 1., 1., 0.], device='cuda:0')
ratio: 0.6827272727272727
pred_test: tensor([1., 0., 0.,  ..., 1., 0., 0.], device='cuda:0')
data: tensor([1., 0., 0.,  ..., 1., 1., 0.], device='cuda:0')
ratio: 0.6831818181818182
pred_test: tensor([0., 0., 0.,  ..., 0., 0., 0.], device='cuda:0')
data: tensor([1., 0., 0.,  ..., 1., 1., 0.], device='cuda:0')
ratio: 0.5172727272727272
pred_test: tensor([0., 0., 0.,  ..., 0., 0., 0.], device='cuda:0')
data: tensor([1., 0., 0.,  ..., 1., 1., 0.], device='cuda:0')
ratio: 0.5168181818181818
pred_test: tensor([0., 0., 0.,  ..., 0., 0., 0.], device='cuda:0')
data: tensor([1., 0., 0.,  ..., 1., 1., 0.], device='cuda:0')
ratio: 0.5163636363636364
pred_test: tensor([0., 0., 0.,  ..., 0., 0., 0.], device='cuda:0')
data: tensor([1., 0., 0.,  ..., 1., 1., 0.], device='cuda:0')
ratio: 0.5172727272727272
pred_test: tensor([0., 0., 0.,  ..., 0., 0., 0.], device='cuda:0')
data: tensor([1., 0., 0.,  ..., 1., 1., 0.], device='cuda:0')
ratio: 0.5172727272727272
pred_test: tensor([0., 0., 0.,  ..., 0., 0., 0.], device='cuda:0')
data: tensor([1., 0., 0.,  ..., 1., 1., 0.], device='cuda:0')
ratio: 0.5172727272727272
pred_test: tensor([0., 0., 0.,  ..., 0., 0., 0.], device='cuda:0')
data: tensor([1., 0., 0.,  ..., 1., 1., 0.], device='cuda:0')
ratio: 0.5177272727272727
pred_test: tensor([0., 0., 0.,  ..., 0., 0., 0.], device='cuda:0')
data: tensor([1., 0., 0.,  ..., 1., 1., 0.], device='cuda:0')
ratio: 0.5172727272727272
pred_test: tensor([0., 0., 0.,  ..., 0., 0., 0.], device='cuda:0')
data: tensor([1., 0., 0.,  ..., 1., 1., 0.], device='cuda:0')
ratio: 0.5213636363636364
pred_test: tensor([0., 0., 0.,  ..., 0., 0., 0.], device='cuda:0')
data: tensor([1., 0., 0.,  ..., 1., 1., 0.], device='cuda:0')
ratio: 0.5195454545454545
pred_test: tensor([0., 0., 0.,  ..., 0., 0., 0.], device='cuda:0')
data: tensor([1., 0., 0.,  ..., 1., 1., 0.], device='cuda:0')
ratio: 0.5231818181818182
pred_test: tensor([0., 0., 0.,  ..., 0., 0., 0.], device='cuda:0')
data: tensor([1., 0., 0.,  ..., 1., 1., 0.], device='cuda:0')
ratio: 0.5209090909090909
pred_test: tensor([0., 0., 0.,  ..., 0., 0., 0.], device='cuda:0')
data: tensor([1., 0., 0.,  ..., 1., 1., 0.], device='cuda:0')
ratio: 0.5254545454545455
pred_test: tensor([0., 0., 0.,  ..., 0., 0., 0.], device='cuda:0')
data: tensor([1., 0., 0.,  ..., 1., 1., 0.], device='cuda:0')
ratio: 0.5363636363636364
pred_test: tensor([0., 0., 0.,  ..., 0., 0., 0.], device='cuda:0')
data: tensor([1., 0., 0.,  ..., 1., 1., 0.], device='cuda:0')
ratio: 0.5890909090909091
pred_test: tensor([0., 0., 0.,  ..., 0., 0., 0.], device='cuda:0')
data: tensor([1., 0., 0.,  ..., 1., 1., 0.], device='cuda:0')
ratio: 0.5645454545454546
pred_test: tensor([0., 0., 0.,  ..., 0., 0., 0.], device='cuda:0')
data: tensor([1., 0., 0.,  ..., 1., 1., 0.], device='cuda:0')
ratio: 0.5695454545454546
pred_test: tensor([1., 0., 0.,  ..., 0., 0., 0.], device='cuda:0')
data: tensor([1., 0., 0.,  ..., 1., 1., 0.], device='cuda:0')
ratio: 0.5954545454545455
pred_test: tensor([0., 0., 0.,  ..., 0., 0., 0.], device='cuda:0')
data: tensor([1., 0., 0.,  ..., 1., 1., 0.], device='cuda:0')
ratio: 0.5786363636363636
pred_test: tensor([0., 0., 0.,  ..., 0., 0., 0.], device='cuda:0')
data: tensor([1., 0., 0.,  ..., 1., 1., 0.], device='cuda:0')
ratio: 0.5531818181818182
pred_test: tensor([1., 0., 0.,  ..., 0., 0., 0.], device='cuda:0')
data: tensor([1., 0., 0.,  ..., 1., 1., 0.], device='cuda:0')
ratio: 0.585
pred_test: tensor([0., 0., 0.,  ..., 0., 0., 0.], device='cuda:0')
data: tensor([1., 0., 0.,  ..., 1., 1., 0.], device='cuda:0')
ratio: 0.5695454545454546
pred_test: tensor([0., 0., 0.,  ..., 0., 0., 0.], device='cuda:0')
data: tensor([1., 0., 0.,  ..., 1., 1., 0.], device='cuda:0')
ratio: 0.5631818181818182
pred_test: tensor([1., 0., 0.,  ..., 0., 0., 0.], device='cuda:0')
data: tensor([1., 0., 0.,  ..., 1., 1., 0.], device='cuda:0')
ratio: 0.5972727272727273
pred_test: tensor([0., 0., 0.,  ..., 0., 0., 0.], device='cuda:0')
data: tensor([1., 0., 0.,  ..., 1., 1., 0.], device='cuda:0')
ratio: 0.5681818181818182
pred_test: tensor([1., 0., 0.,  ..., 0., 0., 0.], device='cuda:0')
data: tensor([1., 0., 0.,  ..., 1., 1., 0.], device='cuda:0')
ratio: 0.5863636363636363
pred_test: tensor([1., 0., 0.,  ..., 0., 0., 0.], device='cuda:0')
data: tensor([1., 0., 0.,  ..., 1., 1., 0.], device='cuda:0')
ratio: 0.6045454545454545
pred_test: tensor([1., 0., 0.,  ..., 0., 0., 0.], device='cuda:0')
data: tensor([1., 0., 0.,  ..., 1., 1., 0.], device='cuda:0')
ratio: 0.6613636363636364
pred_test: tensor([1., 0., 0.,  ..., 0., 0., 0.], device='cuda:0')
data: tensor([1., 0., 0.,  ..., 1., 1., 0.], device='cuda:0')
ratio: 0.6613636363636364
pred_test: tensor([1., 0., 0.,  ..., 0., 0., 0.], device='cuda:0')
data: tensor([1., 0., 0.,  ..., 1., 1., 0.], device='cuda:0')
ratio: 0.6327272727272727
pred_test: tensor([1., 0., 0.,  ..., 0., 0., 0.], device='cuda:0')
data: tensor([1., 0., 0.,  ..., 1., 1., 0.], device='cuda:0')
ratio: 0.6609090909090909
pred_test: tensor([1., 0., 0.,  ..., 0., 0., 0.], device='cuda:0')
data: tensor([1., 0., 0.,  ..., 1., 1., 0.], device='cuda:0')
ratio: 0.6481818181818182
pred_test: tensor([1., 0., 0.,  ..., 0., 0., 0.], device='cuda:0')
data: tensor([1., 0., 0.,  ..., 1., 1., 0.], device='cuda:0')
ratio: 0.6522727272727272
pred_test: tensor([1., 0., 0.,  ..., 0., 0., 0.], device='cuda:0')
data: tensor([1., 0., 0.,  ..., 1., 1., 0.], device='cuda:0')
ratio: 0.6659090909090909
pred_test: tensor([1., 0., 0.,  ..., 0., 0., 0.], device='cuda:0')
data: tensor([1., 0., 0.,  ..., 1., 1., 0.], device='cuda:0')
ratio: 0.6709090909090909
pred_test: tensor([1., 0., 0.,  ..., 0., 0., 0.], device='cuda:0')
data: tensor([1., 0., 0.,  ..., 1., 1., 0.], device='cuda:0')
ratio: 0.6640909090909091
pred_test: tensor([1., 0., 0.,  ..., 0., 0., 0.], device='cuda:0')
data: tensor([1., 0., 0.,  ..., 1., 1., 0.], device='cuda:0')
ratio: 0.6690909090909091
pred_test: tensor([1., 0., 0.,  ..., 0., 0., 0.], device='cuda:0')
data: tensor([1., 0., 0.,  ..., 1., 1., 0.], device='cuda:0')
ratio: 0.6718181818181819
pred_test: tensor([1., 0., 0.,  ..., 1., 0., 0.], device='cuda:0')
data: tensor([1., 0., 0.,  ..., 1., 1., 0.], device='cuda:0')
ratio: 0.6777272727272727
pred_test: tensor([1., 0., 0.,  ..., 1., 0., 0.], device='cuda:0')
data: tensor([1., 0., 0.,  ..., 1., 1., 0.], device='cuda:0')
ratio: 0.6854545454545454
pred_test: tensor([1., 0., 0.,  ..., 0., 0., 0.], device='cuda:0')
data: tensor([1., 0., 0.,  ..., 1., 1., 0.], device='cuda:0')
ratio: 0.6636363636363637
pred_test: tensor([1., 0., 0.,  ..., 1., 0., 0.], device='cuda:0')
data: tensor([1., 0., 0.,  ..., 1., 1., 0.], device='cuda:0')
ratio: 0.6790909090909091
pred_test: tensor([1., 0., 0.,  ..., 1., 0., 0.], device='cuda:0')
data: tensor([1., 0., 0.,  ..., 1., 1., 0.], device='cuda:0')
ratio: 0.6859090909090909
pred_test: tensor([1., 0., 0.,  ..., 1., 0., 0.], device='cuda:0')
data: tensor([1., 0., 0.,  ..., 1., 1., 0.], device='cuda:0')
ratio: 0.6822727272727273
pred_test: tensor([1., 0., 0.,  ..., 1., 0., 0.], device='cuda:0')
data: tensor([1., 0., 0.,  ..., 1., 1., 0.], device='cuda:0')
ratio: 0.6786363636363636
pred_test: tensor([1., 0., 0.,  ..., 0., 0., 0.], device='cuda:0')
data: tensor([1., 0., 0.,  ..., 1., 1., 0.], device='cuda:0')
ratio: 0.6804545454545454
pred_test: tensor([1., 0., 0.,  ..., 1., 0., 0.], device='cuda:0')
data: tensor([1., 0., 0.,  ..., 1., 1., 0.], device='cuda:0')
ratio: 0.6822727272727273
pred_test: tensor([1., 0., 0.,  ..., 1., 0., 0.], device='cuda:0')
data: tensor([1., 0., 0.,  ..., 1., 1., 0.], device='cuda:0')
ratio: 0.6818181818181818
pred_test: tensor([1., 0., 0.,  ..., 1., 0., 0.], device='cuda:0')
data: tensor([1., 0., 0.,  ..., 1., 1., 0.], device='cuda:0')
ratio: 0.6881818181818182
pred_test: tensor([1., 0., 0.,  ..., 1., 0., 0.], device='cuda:0')
data: tensor([1., 0., 0.,  ..., 1., 1., 0.], device='cuda:0')
ratio: 0.6890909090909091
pred_test: tensor([1., 0., 0.,  ..., 1., 0., 0.], device='cuda:0')
data: tensor([1., 0., 0.,  ..., 1., 1., 0.], device='cuda:0')
ratio: 0.6890909090909091
pred_test: tensor([1., 1., 0.,  ..., 1., 0., 0.], device='cuda:0')
data: tensor([1., 0., 0.,  ..., 1., 1., 0.], device='cuda:0')
ratio: 0.6704545454545454
pred_test: tensor([1., 0., 0.,  ..., 1., 0., 0.], device='cuda:0')
data: tensor([1., 0., 0.,  ..., 1., 1., 0.], device='cuda:0')
ratio: 0.6759090909090909
pred_test: tensor([1., 0., 0.,  ..., 1., 0., 0.], device='cuda:0')
data: tensor([1., 0., 0.,  ..., 1., 1., 0.], device='cuda:0')
ratio: 0.6886363636363636
pred_test: tensor([1., 0., 0.,  ..., 1., 0., 0.], device='cuda:0')
data: tensor([1., 0., 0.,  ..., 1., 1., 0.], device='cuda:0')
ratio: 0.6859090909090909
pred_test: tensor([1., 0., 0.,  ..., 1., 0., 0.], device='cuda:0')
data: tensor([1., 0., 0.,  ..., 1., 1., 0.], device='cuda:0')
ratio: 0.6854545454545454
pred_test: tensor([1., 0., 0.,  ..., 1., 0., 0.], device='cuda:0')
data: tensor([1., 0., 0.,  ..., 1., 1., 0.], device='cuda:0')
ratio: 0.6877272727272727
pred_test: tensor([1., 0., 0.,  ..., 1., 0., 0.], device='cuda:0')
data: tensor([1., 0., 0.,  ..., 1., 1., 0.], device='cuda:0')
ratio: 0.6877272727272727
pred_test: tensor([1., 0., 0.,  ..., 1., 0., 0.], device='cuda:0')
data: tensor([1., 0., 0.,  ..., 1., 1., 0.], device='cuda:0')
ratio: 0.6868181818181818
pred_test: tensor([1., 0., 0.,  ..., 1., 0., 0.], device='cuda:0')
data: tensor([1., 0., 0.,  ..., 1., 1., 0.], device='cuda:0')
ratio: 0.6790909090909091
pred_test: tensor([1., 0., 0.,  ..., 1., 0., 0.], device='cuda:0')
data: tensor([1., 0., 0.,  ..., 1., 1., 0.], device='cuda:0')
ratio: 0.6809090909090909
pred_test: tensor([1., 0., 0.,  ..., 1., 0., 0.], device='cuda:0')
data: tensor([1., 0., 0.,  ..., 1., 1., 0.], device='cuda:0')
ratio: 0.6863636363636364
pred_test: tensor([1., 0., 0.,  ..., 1., 0., 0.], device='cuda:0')
data: tensor([1., 0., 0.,  ..., 1., 1., 0.], device='cuda:0')
ratio: 0.6822727272727273
pred_test: tensor([1., 0., 0.,  ..., 1., 0., 0.], device='cuda:0')
data: tensor([1., 0., 0.,  ..., 1., 1., 0.], device='cuda:0')
ratio: 0.6827272727272727
pred_test: tensor([1., 1., 1.,  ..., 1., 0., 0.], device='cuda:0')
data: tensor([1., 0., 0.,  ..., 1., 1., 0.], device='cuda:0')
ratio: 0.6463636363636364
pred_test: tensor([1., 0., 0.,  ..., 1., 0., 0.], device='cuda:0')
data: tensor([1., 0., 0.,  ..., 1., 1., 0.], device='cuda:0')
ratio: 0.6763636363636364
pred_test: tensor([1., 1., 0.,  ..., 1., 0., 0.], device='cuda:0')
data: tensor([1., 0., 0.,  ..., 1., 1., 0.], device='cuda:0')
ratio: 0.6822727272727273
pred_test: tensor([1., 0., 0.,  ..., 1., 0., 0.], device='cuda:0')
data: tensor([1., 0., 0.,  ..., 1., 1., 0.], device='cuda:0')
ratio: 0.6795454545454546
pred_test: tensor([1., 0., 0.,  ..., 1., 0., 0.], device='cuda:0')
data: tensor([1., 0., 0.,  ..., 1., 1., 0.], device='cuda:0')
ratio: 0.6777272727272727
pred_test: tensor([1., 0., 0.,  ..., 1., 0., 0.], device='cuda:0')
data: tensor([1., 0., 0.,  ..., 1., 1., 0.], device='cuda:0')
ratio: 0.6827272727272727
pred_test: tensor([1., 0., 0.,  ..., 1., 0., 0.], device='cuda:0')
data: tensor([1., 0., 0.,  ..., 1., 1., 0.], device='cuda:0')
ratio: 0.6881818181818182
pred_test: tensor([1., 1., 0.,  ..., 1., 0., 0.], device='cuda:0')
data: tensor([1., 0., 0.,  ..., 1., 1., 0.], device='cuda:0')
ratio: 0.6704545454545454
pred_test: tensor([1., 1., 1.,  ..., 1., 0., 0.], device='cuda:0')
data: tensor([1., 0., 0.,  ..., 1., 1., 0.], device='cuda:0')
ratio: 0.6545454545454545
pred_test: tensor([1., 0., 0.,  ..., 1., 0., 0.], device='cuda:0')
data: tensor([1., 0., 0.,  ..., 1., 1., 0.], device='cuda:0')
ratio: 0.6836363636363636
pred_test: tensor([1., 0., 0.,  ..., 1., 0., 0.], device='cuda:0')
data: tensor([1., 0., 0.,  ..., 1., 1., 0.], device='cuda:0')
ratio: 0.6840909090909091
pred_test: tensor([1., 0., 0.,  ..., 1., 0., 0.], device='cuda:0')
data: tensor([1., 0., 0.,  ..., 1., 1., 0.], device='cuda:0')
ratio: 0.6877272727272727
pred_test: tensor([1., 1., 0.,  ..., 1., 0., 0.], device='cuda:0')
data: tensor([1., 0., 0.,  ..., 1., 1., 0.], device='cuda:0')
ratio: 0.6809090909090909
pred_test: tensor([1., 0., 0.,  ..., 1., 0., 0.], device='cuda:0')
data: tensor([1., 0., 0.,  ..., 1., 1., 0.], device='cuda:0')
ratio: 0.6840909090909091
pred_test: tensor([1., 0., 0.,  ..., 1., 0., 0.], device='cuda:0')
data: tensor([1., 0., 0.,  ..., 1., 1., 0.], device='cuda:0')
ratio: 0.685
pred_test: tensor([1., 0., 0.,  ..., 1., 0., 0.], device='cuda:0')
data: tensor([1., 0., 0.,  ..., 1., 1., 0.], device='cuda:0')
ratio: 0.6836363636363636
pred_test: tensor([1., 0., 0.,  ..., 1., 0., 0.], device='cuda:0')
data: tensor([1., 0., 0.,  ..., 1., 1., 0.], device='cuda:0')
ratio: 0.6836363636363636
pred_test: tensor([1., 1., 0.,  ..., 1., 0., 0.], device='cuda:0')
data: tensor([1., 0., 0.,  ..., 1., 1., 0.], device='cuda:0')
ratio: 0.6722727272727272
pred_test: tensor([1., 0., 0.,  ..., 1., 0., 0.], device='cuda:0')
data: tensor([1., 0., 0.,  ..., 1., 1., 0.], device='cuda:0')
ratio: 0.6786363636363636
pred_test: tensor([1., 1., 0.,  ..., 1., 0., 0.], device='cuda:0')
data: tensor([1., 0., 0.,  ..., 1., 1., 0.], device='cuda:0')
ratio: 0.6668181818181819
pred_test: tensor([1., 0., 0.,  ..., 1., 0., 0.], device='cuda:0')
data: tensor([1., 0., 0.,  ..., 1., 1., 0.], device='cuda:0')
ratio: 0.6886363636363636
pred_test: tensor([1., 1., 0.,  ..., 1., 0., 0.], device='cuda:0')
data: tensor([1., 0., 0.,  ..., 1., 1., 0.], device='cuda:0')
ratio: 0.6804545454545454
pred_test: tensor([1., 0., 0.,  ..., 1., 0., 0.], device='cuda:0')
data: tensor([1., 0., 0.,  ..., 1., 1., 0.], device='cuda:0')
ratio: 0.6922727272727273
pred_test: tensor([1., 0., 0.,  ..., 1., 0., 0.], device='cuda:0')
data: tensor([1., 0., 0.,  ..., 1., 1., 0.], device='cuda:0')
ratio: 0.6863636363636364
pred_test: tensor([1., 0., 0.,  ..., 1., 0., 0.], device='cuda:0')
data: tensor([1., 0., 0.,  ..., 1., 1., 0.], device='cuda:0')
ratio: 0.6877272727272727
pred_test: tensor([1., 0., 0.,  ..., 1., 0., 0.], device='cuda:0')
data: tensor([1., 0., 0.,  ..., 1., 1., 0.], device='cuda:0')
ratio: 0.69
pred_test: tensor([1., 0., 0.,  ..., 1., 0., 0.], device='cuda:0')
data: tensor([1., 0., 0.,  ..., 1., 1., 0.], device='cuda:0')
ratio: 0.6759090909090909
pred_test: tensor([1., 0., 0.,  ..., 1., 0., 0.], device='cuda:0')
data: tensor([1., 0., 0.,  ..., 1., 1., 0.], device='cuda:0')
ratio: 0.6704545454545454
pred_test: tensor([1., 0., 0.,  ..., 1., 0., 0.], device='cuda:0')
data: tensor([1., 0., 0.,  ..., 1., 1., 0.], device='cuda:0')
ratio: 0.68
pred_test: tensor([1., 1., 0.,  ..., 1., 0., 0.], device='cuda:0')
data: tensor([1., 0., 0.,  ..., 1., 1., 0.], device='cuda:0')
ratio: 0.67
pred_test: tensor([1., 0., 0.,  ..., 1., 0., 0.], device='cuda:0')
data: tensor([1., 0., 0.,  ..., 1., 1., 0.], device='cuda:0')
ratio: 0.6863636363636364
pred_test: tensor([1., 0., 0.,  ..., 1., 0., 0.], device='cuda:0')
data: tensor([1., 0., 0.,  ..., 1., 1., 0.], device='cuda:0')
ratio: 0.6854545454545454
pred_test: tensor([1., 1., 0.,  ..., 1., 0., 0.], device='cuda:0')
data: tensor([1., 0., 0.,  ..., 1., 1., 0.], device='cuda:0')
ratio: 0.6840909090909091
pred_test: tensor([1., 0., 0.,  ..., 1., 0., 0.], device='cuda:0')
data: tensor([1., 0., 0.,  ..., 1., 1., 0.], device='cuda:0')
ratio: 0.68
pred_test: tensor([1., 0., 0.,  ..., 1., 0., 0.], device='cuda:0')
data: tensor([1., 0., 0.,  ..., 1., 1., 0.], device='cuda:0')
ratio: 0.6854545454545454
pred_test: tensor([1., 0., 0.,  ..., 1., 0., 0.], device='cuda:0')
data: tensor([1., 0., 0.,  ..., 1., 1., 0.], device='cuda:0')
ratio: 0.6859090909090909
pred_test: tensor([1., 1., 1.,  ..., 1., 1., 1.], device='cuda:0')
data: tensor([1., 0., 0.,  ..., 1., 1., 0.], device='cuda:0')
ratio: 0.4827272727272727
pred_test: tensor([1., 1., 1.,  ..., 1., 1., 1.], device='cuda:0')
data: tensor([1., 0., 0.,  ..., 1., 1., 0.], device='cuda:0')
ratio: 0.4827272727272727
pred_test: tensor([1., 1., 1.,  ..., 1., 1., 1.], device='cuda:0')
data: tensor([1., 0., 0.,  ..., 1., 1., 0.], device='cuda:0')
ratio: 0.4827272727272727
pred_test: tensor([1., 1., 1.,  ..., 1., 1., 1.], device='cuda:0')
data: tensor([1., 0., 0.,  ..., 1., 1., 0.], device='cuda:0')
ratio: 0.48545454545454547
pred_test: tensor([1., 1., 1.,  ..., 1., 0., 1.], device='cuda:0')
data: tensor([1., 0., 0.,  ..., 1., 1., 0.], device='cuda:0')
ratio: 0.5145454545454545
pred_test: tensor([0., 1., 1.,  ..., 0., 0., 0.], device='cuda:0')
data: tensor([1., 0., 0.,  ..., 1., 1., 0.], device='cuda:0')
ratio: 0.5595454545454546
pred_test: tensor([0., 0., 0.,  ..., 0., 0., 0.], device='cuda:0')
data: tensor([1., 0., 0.,  ..., 1., 1., 0.], device='cuda:0')
ratio: 0.5513636363636364
pred_test: tensor([0., 0., 0.,  ..., 0., 0., 0.], device='cuda:0')
data: tensor([1., 0., 0.,  ..., 1., 1., 0.], device='cuda:0')
ratio: 0.5386363636363637
pred_test: tensor([0., 0., 0.,  ..., 0., 0., 0.], device='cuda:0')
data: tensor([1., 0., 0.,  ..., 1., 1., 0.], device='cuda:0')
ratio: 0.5336363636363637
pred_test: tensor([0., 0., 0.,  ..., 0., 0., 0.], device='cuda:0')
data: tensor([1., 0., 0.,  ..., 1., 1., 0.], device='cuda:0')
ratio: 0.5368181818181819
pred_test: tensor([0., 0., 0.,  ..., 0., 0., 0.], device='cuda:0')
data: tensor([1., 0., 0.,  ..., 1., 1., 0.], device='cuda:0')
ratio: 0.5336363636363637
pred_test: tensor([0., 0., 0.,  ..., 0., 0., 0.], device='cuda:0')
data: tensor([1., 0., 0.,  ..., 1., 1., 0.], device='cuda:0')
ratio: 0.5368181818181819
pred_test: tensor([0., 0., 0.,  ..., 0., 0., 0.], device='cuda:0')
data: tensor([1., 0., 0.,  ..., 1., 1., 0.], device='cuda:0')
ratio: 0.5422727272727272
pred_test: tensor([0., 0., 0.,  ..., 0., 0., 0.], device='cuda:0')
data: tensor([1., 0., 0.,  ..., 1., 1., 0.], device='cuda:0')
ratio: 0.5881818181818181
pred_test: tensor([1., 0., 0.,  ..., 0., 0., 0.], device='cuda:0')
data: tensor([1., 0., 0.,  ..., 1., 1., 0.], device='cuda:0')
ratio: 0.6077272727272728
pred_test: tensor([1., 1., 0.,  ..., 0., 0., 0.], device='cuda:0')
data: tensor([1., 0., 0.,  ..., 1., 1., 0.], device='cuda:0')
ratio: 0.6431818181818182
pred_test: tensor([1., 1., 1.,  ..., 1., 0., 0.], device='cuda:0')
data: tensor([1., 0., 0.,  ..., 1., 1., 0.], device='cuda:0')
ratio: 0.6145454545454545
pred_test: tensor([1., 1., 1.,  ..., 1., 0., 0.], device='cuda:0')
data: tensor([1., 0., 0.,  ..., 1., 1., 0.], device='cuda:0')
ratio: 0.5795454545454546
pred_test: tensor([1., 1., 0.,  ..., 0., 0., 0.], device='cuda:0')
data: tensor([1., 0., 0.,  ..., 1., 1., 0.], device='cuda:0')
ratio: 0.6377272727272727
pred_test: tensor([1., 1., 0.,  ..., 0., 0., 0.], device='cuda:0')
data: tensor([1., 0., 0.,  ..., 1., 1., 0.], device='cuda:0')
ratio: 0.6327272727272727
pred_test: tensor([1., 0., 0.,  ..., 0., 0., 0.], device='cuda:0')
data: tensor([1., 0., 0.,  ..., 1., 1., 0.], device='cuda:0')
ratio: 0.615
pred_test: tensor([1., 0., 0.,  ..., 0., 0., 0.], device='cuda:0')
data: tensor([1., 0., 0.,  ..., 1., 1., 0.], device='cuda:0')
ratio: 0.62
pred_test: tensor([1., 0., 0.,  ..., 0., 0., 0.], device='cuda:0')
data: tensor([1., 0., 0.,  ..., 1., 1., 0.], device='cuda:0')
ratio: 0.61
pred_test: tensor([1., 0., 0.,  ..., 0., 0., 0.], device='cuda:0')
data: tensor([1., 0., 0.,  ..., 1., 1., 0.], device='cuda:0')
ratio: 0.6040909090909091
pred_test: tensor([1., 0., 0.,  ..., 0., 0., 0.], device='cuda:0')
data: tensor([1., 0., 0.,  ..., 1., 1., 0.], device='cuda:0')
ratio: 0.6181818181818182
pred_test: tensor([1., 0., 0.,  ..., 0., 0., 0.], device='cuda:0')
data: tensor([1., 0., 0.,  ..., 1., 1., 0.], device='cuda:0')
ratio: 0.6354545454545455
pred_test: tensor([1., 0., 0.,  ..., 0., 0., 0.], device='cuda:0')
data: tensor([1., 0., 0.,  ..., 1., 1., 0.], device='cuda:0')
ratio: 0.644090909090909
pred_test: tensor([1., 1., 0.,  ..., 0., 0., 0.], device='cuda:0')
data: tensor([1., 0., 0.,  ..., 1., 1., 0.], device='cuda:0')
ratio: 0.6681818181818182
pred_test: tensor([1., 0., 0.,  ..., 0., 0., 0.], device='cuda:0')
data: tensor([1., 0., 0.,  ..., 1., 1., 0.], device='cuda:0')
ratio: 0.6572727272727272
pred_test: tensor([1., 1., 1.,  ..., 1., 0., 0.], device='cuda:0')
data: tensor([1., 0., 0.,  ..., 1., 1., 0.], device='cuda:0')
ratio: 0.665
pred_test: tensor([1., 1., 1.,  ..., 1., 0., 0.], device='cuda:0')
data: tensor([1., 0., 0.,  ..., 1., 1., 0.], device='cuda:0')
ratio: 0.6740909090909091
pred_test: tensor([1., 0., 0.,  ..., 0., 0., 0.], device='cuda:0')
data: tensor([1., 0., 0.,  ..., 1., 1., 0.], device='cuda:0')
ratio: 0.6704545454545454
pred_test: tensor([1., 0., 0.,  ..., 0., 0., 0.], device='cuda:0')
data: tensor([1., 0., 0.,  ..., 1., 1., 0.], device='cuda:0')
ratio: 0.6668181818181819
pred_test: tensor([1., 0., 0.,  ..., 0., 0., 0.], device='cuda:0')
data: tensor([1., 0., 0.,  ..., 1., 1., 0.], device='cuda:0')
ratio: 0.6745454545454546
pred_test: tensor([1., 0., 0.,  ..., 0., 0., 0.], device='cuda:0')
data: tensor([1., 0., 0.,  ..., 1., 1., 0.], device='cuda:0')
ratio: 0.6695454545454546
pred_test: tensor([1., 0., 0.,  ..., 0., 0., 0.], device='cuda:0')
data: tensor([1., 0., 0.,  ..., 1., 1., 0.], device='cuda:0')
ratio: 0.6713636363636364
pred_test: tensor([1., 0., 0.,  ..., 1., 0., 0.], device='cuda:0')
data: tensor([1., 0., 0.,  ..., 1., 1., 0.], device='cuda:0')
ratio: 0.6804545454545454
pred_test: tensor([1., 0., 0.,  ..., 0., 0., 0.], device='cuda:0')
data: tensor([1., 0., 0.,  ..., 1., 1., 0.], device='cuda:0')
ratio: 0.6804545454545454
pred_test: tensor([1., 1., 1.,  ..., 1., 0., 0.], device='cuda:0')
data: tensor([1., 0., 0.,  ..., 1., 1., 0.], device='cuda:0')
ratio: 0.6627272727272727
pred_test: tensor([1., 1., 0.,  ..., 1., 0., 0.], device='cuda:0')
data: tensor([1., 0., 0.,  ..., 1., 1., 0.], device='cuda:0')
ratio: 0.6745454545454546
pred_test: tensor([1., 1., 0.,  ..., 1., 0., 0.], device='cuda:0')
data: tensor([1., 0., 0.,  ..., 1., 1., 0.], device='cuda:0')
ratio: 0.6795454545454546
pred_test: tensor([1., 0., 0.,  ..., 1., 0., 0.], device='cuda:0')
data: tensor([1., 0., 0.,  ..., 1., 1., 0.], device='cuda:0')
ratio: 0.6768181818181818
pred_test: tensor([1., 1., 0.,  ..., 1., 0., 0.], device='cuda:0')
data: tensor([1., 0., 0.,  ..., 1., 1., 0.], device='cuda:0')
ratio: 0.6795454545454546
pred_test: tensor([1., 1., 0.,  ..., 1., 0., 0.], device='cuda:0')
data: tensor([1., 0., 0.,  ..., 1., 1., 0.], device='cuda:0')
ratio: 0.6809090909090909
pred_test: tensor([1., 1., 0.,  ..., 1., 0., 0.], device='cuda:0')
data: tensor([1., 0., 0.,  ..., 1., 1., 0.], device='cuda:0')
ratio: 0.6818181818181818
pred_test: tensor([1., 0., 0.,  ..., 1., 0., 0.], device='cuda:0')
data: tensor([1., 0., 0.,  ..., 1., 1., 0.], device='cuda:0')
ratio: 0.6845454545454546
pred_test: tensor([1., 0., 0.,  ..., 1., 0., 0.], device='cuda:0')
data: tensor([1., 0., 0.,  ..., 1., 1., 0.], device='cuda:0')
ratio: 0.6827272727272727
pred_test: tensor([1., 1., 0.,  ..., 1., 0., 0.], device='cuda:0')
data: tensor([1., 0., 0.,  ..., 1., 1., 0.], device='cuda:0')
ratio: 0.6795454545454546
pred_test: tensor([1., 1., 0.,  ..., 1., 0., 0.], device='cuda:0')
data: tensor([1., 0., 0.,  ..., 1., 1., 0.], device='cuda:0')
ratio: 0.6713636363636364
pred_test: tensor([1., 1., 0.,  ..., 1., 0., 0.], device='cuda:0')
data: tensor([1., 0., 0.,  ..., 1., 1., 0.], device='cuda:0')
ratio: 0.6786363636363636
pred_test: tensor([1., 0., 0.,  ..., 1., 0., 0.], device='cuda:0')
data: tensor([1., 0., 0.,  ..., 1., 1., 0.], device='cuda:0')
ratio: 0.6804545454545454
pred_test: tensor([1., 1., 0.,  ..., 1., 0., 0.], device='cuda:0')
data: tensor([1., 0., 0.,  ..., 1., 1., 0.], device='cuda:0')
ratio: 0.6804545454545454
pred_test: tensor([1., 0., 0.,  ..., 1., 0., 0.], device='cuda:0')
data: tensor([1., 0., 0.,  ..., 1., 1., 0.], device='cuda:0')
ratio: 0.6804545454545454
pred_test: tensor([1., 1., 0.,  ..., 1., 0., 0.], device='cuda:0')
data: tensor([1., 0., 0.,  ..., 1., 1., 0.], device='cuda:0')
ratio: 0.6781818181818182
pred_test: tensor([1., 1., 0.,  ..., 1., 0., 0.], device='cuda:0')
data: tensor([1., 0., 0.,  ..., 1., 1., 0.], device='cuda:0')
ratio: 0.6786363636363636
pred_test: tensor([1., 1., 0.,  ..., 1., 0., 0.], device='cuda:0')
data: tensor([1., 0., 0.,  ..., 1., 1., 0.], device='cuda:0')
ratio: 0.6754545454545454
pred_test: tensor([1., 1., 0.,  ..., 1., 0., 0.], device='cuda:0')
data: tensor([1., 0., 0.,  ..., 1., 1., 0.], device='cuda:0')
ratio: 0.6686363636363636
pred_test: tensor([1., 1., 0.,  ..., 1., 0., 0.], device='cuda:0')
data: tensor([1., 0., 0.,  ..., 1., 1., 0.], device='cuda:0')
ratio: 0.6790909090909091
pred_test: tensor([1., 1., 0.,  ..., 1., 0., 0.], device='cuda:0')
data: tensor([1., 0., 0.,  ..., 1., 1., 0.], device='cuda:0')
ratio: 0.6763636363636364
pred_test: tensor([1., 0., 0.,  ..., 1., 0., 0.], device='cuda:0')
data: tensor([1., 0., 0.,  ..., 1., 1., 0.], device='cuda:0')
ratio: 0.6786363636363636
pred_test: tensor([1., 0., 0.,  ..., 1., 0., 0.], device='cuda:0')
data: tensor([1., 0., 0.,  ..., 1., 1., 0.], device='cuda:0')
ratio: 0.68
pred_test: tensor([1., 1., 1.,  ..., 1., 0., 0.], device='cuda:0')
data: tensor([1., 0., 0.,  ..., 1., 1., 0.], device='cuda:0')
ratio: 0.67
pred_test: tensor([1., 1., 0.,  ..., 1., 0., 0.], device='cuda:0')
data: tensor([1., 0., 0.,  ..., 1., 1., 0.], device='cuda:0')
ratio: 0.6754545454545454
pred_test: tensor([1., 0., 0.,  ..., 1., 0., 0.], device='cuda:0')
data: tensor([1., 0., 0.,  ..., 1., 1., 0.], device='cuda:0')
ratio: 0.6840909090909091
pred_test: tensor([1., 1., 0.,  ..., 1., 0., 0.], device='cuda:0')
data: tensor([1., 0., 0.,  ..., 1., 1., 0.], device='cuda:0')
ratio: 0.6718181818181819
pred_test: tensor([1., 1., 0.,  ..., 1., 0., 0.], device='cuda:0')
data: tensor([1., 0., 0.,  ..., 1., 1., 0.], device='cuda:0')
ratio: 0.68
pred_test: tensor([1., 1., 0.,  ..., 1., 0., 0.], device='cuda:0')
data: tensor([1., 0., 0.,  ..., 1., 1., 0.], device='cuda:0')
ratio: 0.6777272727272727
pred_test: tensor([1., 0., 0.,  ..., 1., 0., 0.], device='cuda:0')
data: tensor([1., 0., 0.,  ..., 1., 1., 0.], device='cuda:0')
ratio: 0.68
pred_test: tensor([1., 0., 0.,  ..., 1., 0., 0.], device='cuda:0')
data: tensor([1., 0., 0.,  ..., 1., 1., 0.], device='cuda:0')
ratio: 0.6854545454545454
pred_test: tensor([1., 1., 0.,  ..., 1., 0., 0.], device='cuda:0')
data: tensor([1., 0., 0.,  ..., 1., 1., 0.], device='cuda:0')
ratio: 0.6786363636363636
pred_test: tensor([1., 1., 1.,  ..., 1., 0., 0.], device='cuda:0')
data: tensor([1., 0., 0.,  ..., 1., 1., 0.], device='cuda:0')
ratio: 0.6709090909090909
pred_test: tensor([1., 1., 0.,  ..., 1., 0., 0.], device='cuda:0')
data: tensor([1., 0., 0.,  ..., 1., 1., 0.], device='cuda:0')
ratio: 0.6727272727272727
pred_test: tensor([1., 0., 0.,  ..., 1., 0., 0.], device='cuda:0')
data: tensor([1., 0., 0.,  ..., 1., 1., 0.], device='cuda:0')
ratio: 0.6713636363636364
pred_test: tensor([1., 1., 0.,  ..., 1., 0., 0.], device='cuda:0')
data: tensor([1., 0., 0.,  ..., 1., 1., 0.], device='cuda:0')
ratio: 0.67
pred_test: tensor([1., 0., 0.,  ..., 1., 0., 0.], device='cuda:0')
data: tensor([1., 0., 0.,  ..., 1., 1., 0.], device='cuda:0')
ratio: 0.685
pred_test: tensor([1., 0., 0.,  ..., 1., 0., 0.], device='cuda:0')
data: tensor([1., 0., 0.,  ..., 1., 1., 0.], device='cuda:0')
ratio: 0.6840909090909091
pred_test: tensor([1., 1., 0.,  ..., 1., 0., 0.], device='cuda:0')
data: tensor([1., 0., 0.,  ..., 1., 1., 0.], device='cuda:0')
ratio: 0.6640909090909091
pred_test: tensor([1., 0., 0.,  ..., 1., 0., 0.], device='cuda:0')
data: tensor([1., 0., 0.,  ..., 1., 1., 0.], device='cuda:0')
ratio: 0.6781818181818182
pred_test: tensor([1., 0., 0.,  ..., 1., 0., 0.], device='cuda:0')
data: tensor([1., 0., 0.,  ..., 1., 1., 0.], device='cuda:0')
ratio: 0.6759090909090909
pred_test: tensor([1., 0., 0.,  ..., 1., 0., 0.], device='cuda:0')
data: tensor([1., 0., 0.,  ..., 1., 1., 0.], device='cuda:0')
ratio: 0.6895454545454546
pred_test: tensor([1., 0., 0.,  ..., 1., 0., 0.], device='cuda:0')
data: tensor([1., 0., 0.,  ..., 1., 1., 0.], device='cuda:0')
ratio: 0.6863636363636364
pred_test: tensor([1., 0., 0.,  ..., 1., 0., 0.], device='cuda:0')
data: tensor([1., 0., 0.,  ..., 1., 1., 0.], device='cuda:0')
ratio: 0.6904545454545454
pred_test: tensor([1., 0., 0.,  ..., 1., 0., 0.], device='cuda:0')
data: tensor([1., 0., 0.,  ..., 1., 1., 0.], device='cuda:0')
ratio: 0.6868181818181818
pred_test: tensor([1., 0., 0.,  ..., 1., 0., 0.], device='cuda:0')
data: tensor([1., 0., 0.,  ..., 1., 1., 0.], device='cuda:0')
ratio: 0.6772727272727272
pred_test: tensor([1., 0., 0.,  ..., 1., 0., 0.], device='cuda:0')
data: tensor([1., 0., 0.,  ..., 1., 1., 0.], device='cuda:0')
ratio: 0.6781818181818182
pred_test: tensor([1., 0., 0.,  ..., 1., 0., 0.], device='cuda:0')
data: tensor([1., 0., 0.,  ..., 1., 1., 0.], device='cuda:0')
ratio: 0.6827272727272727
pred_test: tensor([1., 0., 0.,  ..., 1., 0., 0.], device='cuda:0')
data: tensor([1., 0., 0.,  ..., 1., 1., 0.], device='cuda:0')
ratio: 0.6790909090909091
pred_test: tensor([1., 0., 1.,  ..., 1., 0., 0.], device='cuda:0')
data: tensor([1., 0., 0.,  ..., 1., 1., 0.], device='cuda:0')
ratio: 0.6809090909090909
pred_test: tensor([1., 1., 0.,  ..., 1., 0., 0.], device='cuda:0')
data: tensor([1., 0., 0.,  ..., 1., 1., 0.], device='cuda:0')
ratio: 0.6763636363636364
pred_test: tensor([1., 0., 0.,  ..., 1., 0., 0.], device='cuda:0')
data: tensor([1., 0., 0.,  ..., 1., 1., 0.], device='cuda:0')
ratio: 0.6795454545454546
pred_test: tensor([1., 0., 1.,  ..., 1., 0., 0.], device='cuda:0')
data: tensor([1., 0., 0.,  ..., 1., 1., 0.], device='cuda:0')
ratio: 0.6809090909090909
pred_test: tensor([1., 0., 0.,  ..., 1., 0., 0.], device='cuda:0')
data: tensor([1., 0., 0.,  ..., 1., 1., 0.], device='cuda:0')
ratio: 0.6790909090909091
pred_test: tensor([1., 0., 0.,  ..., 1., 0., 0.], device='cuda:0')
data: tensor([1., 0., 0.,  ..., 1., 1., 0.], device='cuda:0')
ratio: 0.6886363636363636
pred_test: tensor([1., 0., 0.,  ..., 1., 0., 0.], device='cuda:0')
data: tensor([1., 0., 0.,  ..., 1., 1., 0.], device='cuda:0')
ratio: 0.6754545454545454
pred_test: tensor([1., 0., 0.,  ..., 1., 0., 0.], device='cuda:0')
data: tensor([1., 0., 0.,  ..., 1., 1., 0.], device='cuda:0')
ratio: 0.6768181818181818
pred_test: tensor([1., 0., 0.,  ..., 1., 0., 0.], device='cuda:0')
data: tensor([1., 0., 0.,  ..., 1., 1., 0.], device='cuda:0')
ratio: 0.6736363636363636
pred_test: tensor([1., 1., 0.,  ..., 1., 0., 0.], device='cuda:0')
data: tensor([1., 0., 0.,  ..., 1., 1., 0.], device='cuda:0')
ratio: 0.6618181818181819
pred_test: tensor([1., 0., 1.,  ..., 1., 0., 0.], device='cuda:0')
data: tensor([1., 0., 0.,  ..., 1., 1., 0.], device='cuda:0')
ratio: 0.6768181818181818
pred_test: tensor([1., 0., 0.,  ..., 1., 0., 0.], device='cuda:0')
data: tensor([1., 0., 0.,  ..., 1., 1., 0.], device='cuda:0')
ratio: 0.6845454545454546
pred_test: tensor([1., 0., 0.,  ..., 1., 0., 0.], device='cuda:0')
data: tensor([1., 0., 0.,  ..., 1., 1., 0.], device='cuda:0')
ratio: 0.6786363636363636
pred_test: tensor([1., 1., 1.,  ..., 1., 1., 1.], device='cuda:0')
data: tensor([1., 0., 0.,  ..., 1., 1., 0.], device='cuda:0')
ratio: 0.48318181818181816
pred_test: tensor([1., 1., 1.,  ..., 1., 1., 1.], device='cuda:0')
data: tensor([1., 0., 0.,  ..., 1., 1., 0.], device='cuda:0')
ratio: 0.485
pred_test: tensor([1., 1., 1.,  ..., 1., 1., 1.], device='cuda:0')
data: tensor([1., 0., 0.,  ..., 1., 1., 0.], device='cuda:0')
ratio: 0.49227272727272725
pred_test: tensor([1., 1., 0.,  ..., 1., 1., 1.], device='cuda:0')
data: tensor([1., 0., 0.,  ..., 1., 1., 0.], device='cuda:0')
ratio: 0.5022727272727273
pred_test: tensor([0., 1., 0.,  ..., 0., 0., 0.], device='cuda:0')
data: tensor([1., 0., 0.,  ..., 1., 1., 0.], device='cuda:0')
ratio: 0.5727272727272728
pred_test: tensor([0., 1., 0.,  ..., 0., 0., 0.], device='cuda:0')
data: tensor([1., 0., 0.,  ..., 1., 1., 0.], device='cuda:0')
ratio: 0.5786363636363636
pred_test: tensor([0., 0., 0.,  ..., 0., 0., 0.], device='cuda:0')
data: tensor([1., 0., 0.,  ..., 1., 1., 0.], device='cuda:0')
ratio: 0.5536363636363636
pred_test: tensor([0., 0., 0.,  ..., 0., 0., 0.], device='cuda:0')
data: tensor([1., 0., 0.,  ..., 1., 1., 0.], device='cuda:0')
ratio: 0.5368181818181819
pred_test: tensor([0., 0., 0.,  ..., 0., 0., 0.], device='cuda:0')
data: tensor([1., 0., 0.,  ..., 1., 1., 0.], device='cuda:0')
ratio: 0.5336363636363637
pred_test: tensor([0., 0., 0.,  ..., 0., 0., 0.], device='cuda:0')
data: tensor([1., 0., 0.,  ..., 1., 1., 0.], device='cuda:0')
ratio: 0.5340909090909091
pred_test: tensor([0., 0., 0.,  ..., 0., 0., 0.], device='cuda:0')
data: tensor([1., 0., 0.,  ..., 1., 1., 0.], device='cuda:0')
ratio: 0.5245454545454545
pred_test: tensor([0., 0., 0.,  ..., 0., 0., 0.], device='cuda:0')
data: tensor([1., 0., 0.,  ..., 1., 1., 0.], device='cuda:0')
ratio: 0.5318181818181819
pred_test: tensor([0., 0., 0.,  ..., 0., 0., 0.], device='cuda:0')
data: tensor([1., 0., 0.,  ..., 1., 1., 0.], device='cuda:0')
ratio: 0.5363636363636364
pred_test: tensor([0., 0., 0.,  ..., 0., 0., 0.], device='cuda:0')
data: tensor([1., 0., 0.,  ..., 1., 1., 0.], device='cuda:0')
ratio: 0.5868181818181818
pred_test: tensor([0., 0., 0.,  ..., 0., 0., 0.], device='cuda:0')
data: tensor([1., 0., 0.,  ..., 1., 1., 0.], device='cuda:0')
ratio: 0.5968181818181818
pred_test: tensor([0., 0., 0.,  ..., 0., 0., 0.], device='cuda:0')
data: tensor([1., 0., 0.,  ..., 1., 1., 0.], device='cuda:0')
ratio: 0.6195454545454545
pred_test: tensor([1., 1., 0.,  ..., 0., 0., 0.], device='cuda:0')
data: tensor([1., 0., 0.,  ..., 1., 1., 0.], device='cuda:0')
ratio: 0.6445454545454545
pred_test: tensor([1., 1., 0.,  ..., 1., 0., 0.], device='cuda:0')
data: tensor([1., 0., 0.,  ..., 1., 1., 0.], device='cuda:0')
ratio: 0.6631818181818182
pred_test: tensor([1., 1., 0.,  ..., 0., 0., 0.], device='cuda:0')
data: tensor([1., 0., 0.,  ..., 1., 1., 0.], device='cuda:0')
ratio: 0.6481818181818182
pred_test: tensor([1., 1., 0.,  ..., 0., 0., 0.], device='cuda:0')
data: tensor([1., 0., 0.,  ..., 1., 1., 0.], device='cuda:0')
ratio: 0.6590909090909091
pred_test: tensor([1., 0., 0.,  ..., 0., 0., 0.], device='cuda:0')
data: tensor([1., 0., 0.,  ..., 1., 1., 0.], device='cuda:0')
ratio: 0.655
pred_test: tensor([1., 0., 0.,  ..., 0., 0., 0.], device='cuda:0')
data: tensor([1., 0., 0.,  ..., 1., 1., 0.], device='cuda:0')
ratio: 0.6309090909090909
pred_test: tensor([1., 0., 0.,  ..., 0., 0., 0.], device='cuda:0')
data: tensor([1., 0., 0.,  ..., 1., 1., 0.], device='cuda:0')
ratio: 0.6345454545454545
pred_test: tensor([1., 0., 0.,  ..., 0., 0., 0.], device='cuda:0')
data: tensor([1., 0., 0.,  ..., 1., 1., 0.], device='cuda:0')
ratio: 0.6359090909090909
pred_test: tensor([1., 0., 0.,  ..., 0., 0., 0.], device='cuda:0')
data: tensor([1., 0., 0.,  ..., 1., 1., 0.], device='cuda:0')
ratio: 0.6422727272727272
pred_test: tensor([1., 0., 0.,  ..., 0., 0., 0.], device='cuda:0')
data: tensor([1., 0., 0.,  ..., 1., 1., 0.], device='cuda:0')
ratio: 0.635
pred_test: tensor([1., 0., 0.,  ..., 0., 0., 0.], device='cuda:0')
data: tensor([1., 0., 0.,  ..., 1., 1., 0.], device='cuda:0')
ratio: 0.6572727272727272
pred_test: tensor([1., 1., 0.,  ..., 1., 0., 0.], device='cuda:0')
data: tensor([1., 0., 0.,  ..., 1., 1., 0.], device='cuda:0')
ratio: 0.6786363636363636
pred_test: tensor([1., 1., 0.,  ..., 0., 0., 0.], device='cuda:0')
data: tensor([1., 0., 0.,  ..., 1., 1., 0.], device='cuda:0')
ratio: 0.6727272727272727
pred_test: tensor([1., 0., 0.,  ..., 0., 0., 0.], device='cuda:0')
data: tensor([1., 0., 0.,  ..., 1., 1., 0.], device='cuda:0')
ratio: 0.655
pred_test: tensor([1., 0., 0.,  ..., 0., 0., 0.], device='cuda:0')
data: tensor([1., 0., 0.,  ..., 1., 1., 0.], device='cuda:0')
ratio: 0.6586363636363637
pred_test: tensor([1., 0., 0.,  ..., 0., 0., 0.], device='cuda:0')
data: tensor([1., 0., 0.,  ..., 1., 1., 0.], device='cuda:0')
ratio: 0.6790909090909091
pred_test: tensor([1., 0., 0.,  ..., 0., 0., 0.], device='cuda:0')
data: tensor([1., 0., 0.,  ..., 1., 1., 0.], device='cuda:0')
ratio: 0.6659090909090909
pred_test: tensor([1., 0., 0.,  ..., 0., 0., 0.], device='cuda:0')
data: tensor([1., 0., 0.,  ..., 1., 1., 0.], device='cuda:0')
ratio: 0.6754545454545454
pred_test: tensor([1., 0., 0.,  ..., 0., 0., 0.], device='cuda:0')
data: tensor([1., 0., 0.,  ..., 1., 1., 0.], device='cuda:0')
ratio: 0.6790909090909091
pred_test: tensor([1., 0., 0.,  ..., 0., 0., 0.], device='cuda:0')
data: tensor([1., 0., 0.,  ..., 1., 1., 0.], device='cuda:0')
ratio: 0.6818181818181818
pred_test: tensor([1., 0., 0.,  ..., 1., 0., 0.], device='cuda:0')
data: tensor([1., 0., 0.,  ..., 1., 1., 0.], device='cuda:0')
ratio: 0.6818181818181818
pred_test: tensor([1., 0., 0.,  ..., 1., 0., 0.], device='cuda:0')
data: tensor([1., 0., 0.,  ..., 1., 1., 0.], device='cuda:0')
ratio: 0.6804545454545454
pred_test: tensor([1., 0., 0.,  ..., 0., 0., 0.], device='cuda:0')
data: tensor([1., 0., 0.,  ..., 1., 1., 0.], device='cuda:0')
ratio: 0.6845454545454546
pred_test: tensor([1., 0., 0.,  ..., 0., 0., 0.], device='cuda:0')
data: tensor([1., 0., 0.,  ..., 1., 1., 0.], device='cuda:0')
ratio: 0.6790909090909091
pred_test: tensor([1., 1., 0.,  ..., 1., 0., 0.], device='cuda:0')
data: tensor([1., 0., 0.,  ..., 1., 1., 0.], device='cuda:0')
ratio: 0.6822727272727273
pred_test: tensor([1., 1., 0.,  ..., 1., 0., 0.], device='cuda:0')
data: tensor([1., 0., 0.,  ..., 1., 1., 0.], device='cuda:0')
ratio: 0.6827272727272727
pred_test: tensor([1., 1., 0.,  ..., 1., 0., 0.], device='cuda:0')
data: tensor([1., 0., 0.,  ..., 1., 1., 0.], device='cuda:0')
ratio: 0.675
pred_test: tensor([1., 1., 0.,  ..., 1., 0., 0.], device='cuda:0')
data: tensor([1., 0., 0.,  ..., 1., 1., 0.], device='cuda:0')
ratio: 0.6868181818181818
pred_test: tensor([1., 1., 0.,  ..., 1., 0., 0.], device='cuda:0')
data: tensor([1., 0., 0.,  ..., 1., 1., 0.], device='cuda:0')
ratio: 0.6868181818181818
pred_test: tensor([1., 0., 0.,  ..., 1., 0., 0.], device='cuda:0')
data: tensor([1., 0., 0.,  ..., 1., 1., 0.], device='cuda:0')
ratio: 0.6840909090909091
pred_test: tensor([1., 1., 0.,  ..., 1., 0., 0.], device='cuda:0')
data: tensor([1., 0., 0.,  ..., 1., 1., 0.], device='cuda:0')
ratio: 0.6795454545454546
pred_test: tensor([1., 1., 0.,  ..., 1., 0., 0.], device='cuda:0')
data: tensor([1., 0., 0.,  ..., 1., 1., 0.], device='cuda:0')
ratio: 0.6813636363636364
pred_test: tensor([1., 1., 0.,  ..., 1., 0., 0.], device='cuda:0')
data: tensor([1., 0., 0.,  ..., 1., 1., 0.], device='cuda:0')
ratio: 0.6790909090909091
pred_test: tensor([1., 0., 0.,  ..., 0., 0., 0.], device='cuda:0')
data: tensor([1., 0., 0.,  ..., 1., 1., 0.], device='cuda:0')
ratio: 0.6763636363636364
pred_test: tensor([1., 0., 0.,  ..., 1., 0., 0.], device='cuda:0')
data: tensor([1., 0., 0.,  ..., 1., 1., 0.], device='cuda:0')
ratio: 0.6845454545454546
pred_test: tensor([1., 1., 0.,  ..., 1., 0., 0.], device='cuda:0')
data: tensor([1., 0., 0.,  ..., 1., 1., 0.], device='cuda:0')
ratio: 0.6818181818181818
pred_test: tensor([1., 0., 0.,  ..., 1., 0., 0.], device='cuda:0')
data: tensor([1., 0., 0.,  ..., 1., 1., 0.], device='cuda:0')
ratio: 0.6831818181818182
pred_test: tensor([1., 1., 0.,  ..., 1., 0., 0.], device='cuda:0')
data: tensor([1., 0., 0.,  ..., 1., 1., 0.], device='cuda:0')
ratio: 0.6836363636363636
pred_test: tensor([1., 0., 0.,  ..., 1., 0., 0.], device='cuda:0')
data: tensor([1., 0., 0.,  ..., 1., 1., 0.], device='cuda:0')
ratio: 0.6863636363636364
pred_test: tensor([1., 1., 0.,  ..., 1., 0., 0.], device='cuda:0')
data: tensor([1., 0., 0.,  ..., 1., 1., 0.], device='cuda:0')
ratio: 0.6831818181818182
pred_test: tensor([1., 0., 0.,  ..., 1., 0., 0.], device='cuda:0')
data: tensor([1., 0., 0.,  ..., 1., 1., 0.], device='cuda:0')
ratio: 0.6845454545454546
pred_test: tensor([1., 1., 1.,  ..., 1., 0., 0.], device='cuda:0')
data: tensor([1., 0., 0.,  ..., 1., 1., 0.], device='cuda:0')
ratio: 0.6545454545454545
pred_test: tensor([1., 1., 0.,  ..., 1., 0., 0.], device='cuda:0')
data: tensor([1., 0., 0.,  ..., 1., 1., 0.], device='cuda:0')
ratio: 0.6731818181818182
pred_test: tensor([1., 0., 0.,  ..., 1., 0., 0.], device='cuda:0')
data: tensor([1., 0., 0.,  ..., 1., 1., 0.], device='cuda:0')
ratio: 0.6840909090909091
pred_test: tensor([1., 1., 0.,  ..., 1., 0., 0.], device='cuda:0')
data: tensor([1., 0., 0.,  ..., 1., 1., 0.], device='cuda:0')
ratio: 0.6818181818181818
pred_test: tensor([1., 0., 0.,  ..., 1., 0., 0.], device='cuda:0')
data: tensor([1., 0., 0.,  ..., 1., 1., 0.], device='cuda:0')
ratio: 0.6881818181818182
pred_test: tensor([1., 0., 0.,  ..., 1., 0., 0.], device='cuda:0')
data: tensor([1., 0., 0.,  ..., 1., 1., 0.], device='cuda:0')
ratio: 0.69
pred_test: tensor([1., 1., 0.,  ..., 1., 0., 0.], device='cuda:0')
data: tensor([1., 0., 0.,  ..., 1., 1., 0.], device='cuda:0')
ratio: 0.6759090909090909
pred_test: tensor([1., 1., 1.,  ..., 1., 0., 0.], device='cuda:0')
data: tensor([1., 0., 0.,  ..., 1., 1., 0.], device='cuda:0')
ratio: 0.6636363636363637
pred_test: tensor([1., 1., 0.,  ..., 1., 0., 0.], device='cuda:0')
data: tensor([1., 0., 0.,  ..., 1., 1., 0.], device='cuda:0')
ratio: 0.6731818181818182
pred_test: tensor([1., 1., 1.,  ..., 1., 0., 0.], device='cuda:0')
data: tensor([1., 0., 0.,  ..., 1., 1., 0.], device='cuda:0')
ratio: 0.6759090909090909
pred_test: tensor([1., 1., 0.,  ..., 1., 0., 0.], device='cuda:0')
data: tensor([1., 0., 0.,  ..., 1., 1., 0.], device='cuda:0')
ratio: 0.6613636363636364
pred_test: tensor([1., 0., 0.,  ..., 0., 0., 0.], device='cuda:0')
data: tensor([1., 0., 0.,  ..., 1., 1., 0.], device='cuda:0')
ratio: 0.6863636363636364
pred_test: tensor([1., 0., 0.,  ..., 1., 0., 0.], device='cuda:0')
data: tensor([1., 0., 0.,  ..., 1., 1., 0.], device='cuda:0')
ratio: 0.6877272727272727
pred_test: tensor([1., 0., 0.,  ..., 1., 0., 0.], device='cuda:0')
data: tensor([1., 0., 0.,  ..., 1., 1., 0.], device='cuda:0')
ratio: 0.6895454545454546
pred_test: tensor([1., 1., 0.,  ..., 1., 0., 0.], device='cuda:0')
data: tensor([1., 0., 0.,  ..., 1., 1., 0.], device='cuda:0')
ratio: 0.6809090909090909
pred_test: tensor([1., 0., 0.,  ..., 1., 0., 0.], device='cuda:0')
data: tensor([1., 0., 0.,  ..., 1., 1., 0.], device='cuda:0')
ratio: 0.6895454545454546
pred_test: tensor([1., 1., 0.,  ..., 1., 0., 0.], device='cuda:0')
data: tensor([1., 0., 0.,  ..., 1., 1., 0.], device='cuda:0')
ratio: 0.6872727272727273
pred_test: tensor([1., 1., 0.,  ..., 1., 0., 0.], device='cuda:0')
data: tensor([1., 0., 0.,  ..., 1., 1., 0.], device='cuda:0')
ratio: 0.6581818181818182
pred_test: tensor([1., 0., 0.,  ..., 1., 0., 0.], device='cuda:0')
data: tensor([1., 0., 0.,  ..., 1., 1., 0.], device='cuda:0')
ratio: 0.6863636363636364
pred_test: tensor([1., 1., 1.,  ..., 1., 0., 0.], device='cuda:0')
data: tensor([1., 0., 0.,  ..., 1., 1., 0.], device='cuda:0')
ratio: 0.6645454545454546
pred_test: tensor([1., 1., 0.,  ..., 1., 0., 0.], device='cuda:0')
data: tensor([1., 0., 0.,  ..., 1., 1., 0.], device='cuda:0')
ratio: 0.6690909090909091
pred_test: tensor([1., 0., 0.,  ..., 1., 0., 0.], device='cuda:0')
data: tensor([1., 0., 0.,  ..., 1., 1., 0.], device='cuda:0')
ratio: 0.6777272727272727
pred_test: tensor([1., 0., 0.,  ..., 1., 0., 0.], device='cuda:0')
data: tensor([1., 0., 0.,  ..., 1., 1., 0.], device='cuda:0')
ratio: 0.6859090909090909
pred_test: tensor([1., 0., 0.,  ..., 1., 0., 0.], device='cuda:0')
data: tensor([1., 0., 0.,  ..., 1., 1., 0.], device='cuda:0')
ratio: 0.6872727272727273
pred_test: tensor([1., 0., 0.,  ..., 1., 0., 0.], device='cuda:0')
data: tensor([1., 0., 0.,  ..., 1., 1., 0.], device='cuda:0')
ratio: 0.6845454545454546
pred_test: tensor([1., 0., 0.,  ..., 1., 0., 0.], device='cuda:0')
data: tensor([1., 0., 0.,  ..., 1., 1., 0.], device='cuda:0')
ratio: 0.6890909090909091
pred_test: tensor([1., 0., 0.,  ..., 1., 0., 0.], device='cuda:0')
data: tensor([1., 0., 0.,  ..., 1., 1., 0.], device='cuda:0')
ratio: 0.6781818181818182
pred_test: tensor([1., 0., 0.,  ..., 1., 0., 0.], device='cuda:0')
data: tensor([1., 0., 0.,  ..., 1., 1., 0.], device='cuda:0')
ratio: 0.6822727272727273
pred_test: tensor([1., 0., 0.,  ..., 1., 0., 0.], device='cuda:0')
data: tensor([1., 0., 0.,  ..., 1., 1., 0.], device='cuda:0')
ratio: 0.6840909090909091
pred_test: tensor([1., 0., 0.,  ..., 1., 0., 0.], device='cuda:0')
data: tensor([1., 0., 0.,  ..., 1., 1., 0.], device='cuda:0')
ratio: 0.6868181818181818
pred_test: tensor([1., 0., 0.,  ..., 1., 0., 0.], device='cuda:0')
data: tensor([1., 0., 0.,  ..., 1., 1., 0.], device='cuda:0')
ratio: 0.6786363636363636
pred_test: tensor([1., 0., 0.,  ..., 1., 0., 0.], device='cuda:0')
data: tensor([1., 0., 0.,  ..., 1., 1., 0.], device='cuda:0')
ratio: 0.6859090909090909
pred_test: tensor([1., 0., 0.,  ..., 1., 0., 0.], device='cuda:0')
data: tensor([1., 0., 0.,  ..., 1., 1., 0.], device='cuda:0')
ratio: 0.6904545454545454
pred_test: tensor([1., 1., 0.,  ..., 1., 0., 0.], device='cuda:0')
data: tensor([1., 0., 0.,  ..., 1., 1., 0.], device='cuda:0')
ratio: 0.6772727272727272
pred_test: tensor([1., 1., 1.,  ..., 1., 0., 0.], device='cuda:0')
data: tensor([1., 0., 0.,  ..., 1., 1., 0.], device='cuda:0')
ratio: 0.6459090909090909
pred_test: tensor([1., 0., 0.,  ..., 1., 0., 0.], device='cuda:0')
data: tensor([1., 0., 0.,  ..., 1., 1., 0.], device='cuda:0')
ratio: 0.68
pred_test: tensor([1., 1., 1.,  ..., 1., 0., 0.], device='cuda:0')
data: tensor([1., 0., 0.,  ..., 1., 1., 0.], device='cuda:0')
ratio: 0.665
pred_test: tensor([1., 0., 0.,  ..., 1., 0., 0.], device='cuda:0')
data: tensor([1., 0., 0.,  ..., 1., 1., 0.], device='cuda:0')
ratio: 0.6881818181818182
pred_test: tensor([1., 0., 0.,  ..., 1., 0., 0.], device='cuda:0')
data: tensor([1., 0., 0.,  ..., 1., 1., 0.], device='cuda:0')
ratio: 0.6881818181818182
pred_test: tensor([1., 0., 0.,  ..., 1., 0., 0.], device='cuda:0')
data: tensor([1., 0., 0.,  ..., 1., 1., 0.], device='cuda:0')
ratio: 0.6868181818181818
pred_test: tensor([1., 0., 0.,  ..., 1., 0., 0.], device='cuda:0')
data: tensor([1., 0., 0.,  ..., 1., 1., 0.], device='cuda:0')
ratio: 0.6731818181818182
pred_test: tensor([1., 1., 1.,  ..., 1., 0., 0.], device='cuda:0')
data: tensor([1., 0., 0.,  ..., 1., 1., 0.], device='cuda:0')
ratio: 0.6595454545454545
pred_test: tensor([1., 0., 0.,  ..., 1., 0., 0.], device='cuda:0')
data: tensor([1., 0., 0.,  ..., 1., 1., 0.], device='cuda:0')
ratio: 0.69
pred_test: tensor([1., 1., 1.,  ..., 1., 1., 1.], device='cuda:0')
data: tensor([1., 0., 0.,  ..., 1., 1., 0.], device='cuda:0')
ratio: 0.4827272727272727
pred_test: tensor([1., 1., 1.,  ..., 1., 1., 1.], device='cuda:0')
data: tensor([1., 0., 0.,  ..., 1., 1., 0.], device='cuda:0')
ratio: 0.4827272727272727
pred_test: tensor([1., 1., 1.,  ..., 1., 1., 1.], device='cuda:0')
data: tensor([1., 0., 0.,  ..., 1., 1., 0.], device='cuda:0')
ratio: 0.4827272727272727
pred_test: tensor([1., 1., 1.,  ..., 1., 1., 1.], device='cuda:0')
data: tensor([1., 0., 0.,  ..., 1., 1., 0.], device='cuda:0')
ratio: 0.4827272727272727
pred_test: tensor([1., 1., 1.,  ..., 1., 1., 1.], device='cuda:0')
data: tensor([1., 0., 0.,  ..., 1., 1., 0.], device='cuda:0')
ratio: 0.4827272727272727
pred_test: tensor([1., 1., 1.,  ..., 1., 1., 1.], device='cuda:0')
data: tensor([1., 0., 0.,  ..., 1., 1., 0.], device='cuda:0')
ratio: 0.4827272727272727
pred_test: tensor([1., 1., 1.,  ..., 1., 1., 1.], device='cuda:0')
data: tensor([1., 0., 0.,  ..., 1., 1., 0.], device='cuda:0')
ratio: 0.4822727272727273
pred_test: tensor([1., 1., 1.,  ..., 1., 1., 1.], device='cuda:0')
data: tensor([1., 0., 0.,  ..., 1., 1., 0.], device='cuda:0')
ratio: 0.47954545454545455
pred_test: tensor([0., 0., 0.,  ..., 0., 0., 0.], device='cuda:0')
data: tensor([1., 0., 0.,  ..., 1., 1., 0.], device='cuda:0')
ratio: 0.5186363636363637
pred_test: tensor([0., 0., 0.,  ..., 0., 0., 0.], device='cuda:0')
data: tensor([1., 0., 0.,  ..., 1., 1., 0.], device='cuda:0')
ratio: 0.5172727272727272
pred_test: tensor([0., 0., 0.,  ..., 0., 0., 0.], device='cuda:0')
data: tensor([1., 0., 0.,  ..., 1., 1., 0.], device='cuda:0')
ratio: 0.5172727272727272
pred_test: tensor([0., 0., 0.,  ..., 0., 0., 0.], device='cuda:0')
data: tensor([1., 0., 0.,  ..., 1., 1., 0.], device='cuda:0')
ratio: 0.5172727272727272
pred_test: tensor([0., 0., 0.,  ..., 0., 0., 0.], device='cuda:0')
data: tensor([1., 0., 0.,  ..., 1., 1., 0.], device='cuda:0')
ratio: 0.5172727272727272
pred_test: tensor([0., 0., 0.,  ..., 0., 0., 0.], device='cuda:0')
data: tensor([1., 0., 0.,  ..., 1., 1., 0.], device='cuda:0')
ratio: 0.5172727272727272
pred_test: tensor([0., 0., 0.,  ..., 0., 0., 0.], device='cuda:0')
data: tensor([1., 0., 0.,  ..., 1., 1., 0.], device='cuda:0')
ratio: 0.5172727272727272
pred_test: tensor([0., 0., 0.,  ..., 0., 0., 0.], device='cuda:0')
data: tensor([1., 0., 0.,  ..., 1., 1., 0.], device='cuda:0')
ratio: 0.5172727272727272
pred_test: tensor([0., 0., 0.,  ..., 0., 0., 0.], device='cuda:0')
data: tensor([1., 0., 0.,  ..., 1., 1., 0.], device='cuda:0')
ratio: 0.5172727272727272
pred_test: tensor([0., 0., 0.,  ..., 0., 0., 0.], device='cuda:0')
data: tensor([1., 0., 0.,  ..., 1., 1., 0.], device='cuda:0')
ratio: 0.5204545454545455
pred_test: tensor([1., 0., 0.,  ..., 1., 0., 0.], device='cuda:0')
data: tensor([1., 0., 0.,  ..., 1., 1., 0.], device='cuda:0')
ratio: 0.6113636363636363
pred_test: tensor([1., 0., 0.,  ..., 1., 1., 0.], device='cuda:0')
data: tensor([1., 0., 0.,  ..., 1., 1., 0.], device='cuda:0')
ratio: 0.5413636363636364
pred_test: tensor([1., 1., 1.,  ..., 1., 1., 1.], device='cuda:0')
data: tensor([1., 0., 0.,  ..., 1., 1., 0.], device='cuda:0')
ratio: 0.49818181818181817
pred_test: tensor([1., 1., 1.,  ..., 1., 1., 0.], device='cuda:0')
data: tensor([1., 0., 0.,  ..., 1., 1., 0.], device='cuda:0')
ratio: 0.5268181818181819
pred_test: tensor([1., 0., 0.,  ..., 1., 0., 0.], device='cuda:0')
data: tensor([1., 0., 0.,  ..., 1., 1., 0.], device='cuda:0')
ratio: 0.6336363636363637
pred_test: tensor([1., 0., 0.,  ..., 0., 0., 0.], device='cuda:0')
data: tensor([1., 0., 0.,  ..., 1., 1., 0.], device='cuda:0')
ratio: 0.5845454545454546
pred_test: tensor([0., 0., 0.,  ..., 0., 0., 0.], device='cuda:0')
data: tensor([1., 0., 0.,  ..., 1., 1., 0.], device='cuda:0')
ratio: 0.5204545454545455
pred_test: tensor([0., 0., 0.,  ..., 0., 0., 0.], device='cuda:0')
data: tensor([1., 0., 0.,  ..., 1., 1., 0.], device='cuda:0')
ratio: 0.519090909090909
pred_test: tensor([0., 0., 0.,  ..., 0., 0., 0.], device='cuda:0')
data: tensor([1., 0., 0.,  ..., 1., 1., 0.], device='cuda:0')
ratio: 0.5181818181818182
pred_test: tensor([0., 0., 0.,  ..., 0., 0., 0.], device='cuda:0')
data: tensor([1., 0., 0.,  ..., 1., 1., 0.], device='cuda:0')
ratio: 0.5177272727272727
pred_test: tensor([0., 0., 0.,  ..., 0., 0., 0.], device='cuda:0')
data: tensor([1., 0., 0.,  ..., 1., 1., 0.], device='cuda:0')
ratio: 0.5181818181818182
pred_test: tensor([0., 0., 0.,  ..., 0., 0., 0.], device='cuda:0')
data: tensor([1., 0., 0.,  ..., 1., 1., 0.], device='cuda:0')
ratio: 0.5209090909090909
pred_test: tensor([0., 0., 0.,  ..., 0., 0., 0.], device='cuda:0')
data: tensor([1., 0., 0.,  ..., 1., 1., 0.], device='cuda:0')
ratio: 0.5236363636363637
pred_test: tensor([0., 0., 0.,  ..., 0., 0., 0.], device='cuda:0')
data: tensor([1., 0., 0.,  ..., 1., 1., 0.], device='cuda:0')
ratio: 0.5427272727272727
pred_test: tensor([1., 0., 0.,  ..., 0., 0., 0.], device='cuda:0')
data: tensor([1., 0., 0.,  ..., 1., 1., 0.], device='cuda:0')
ratio: 0.5959090909090909
pred_test: tensor([1., 0., 0.,  ..., 0., 0., 0.], device='cuda:0')
data: tensor([1., 0., 0.,  ..., 1., 1., 0.], device='cuda:0')
ratio: 0.5995454545454545
pred_test: tensor([1., 0., 0.,  ..., 0., 0., 0.], device='cuda:0')
data: tensor([1., 0., 0.,  ..., 1., 1., 0.], device='cuda:0')
ratio: 0.6404545454545455
pred_test: tensor([1., 0., 0.,  ..., 0., 0., 0.], device='cuda:0')
data: tensor([1., 0., 0.,  ..., 1., 1., 0.], device='cuda:0')
ratio: 0.6763636363636364
pred_test: tensor([1., 0., 0.,  ..., 0., 0., 0.], device='cuda:0')
data: tensor([1., 0., 0.,  ..., 1., 1., 0.], device='cuda:0')
ratio: 0.6604545454545454
pred_test: tensor([1., 0., 0.,  ..., 0., 0., 0.], device='cuda:0')
data: tensor([1., 0., 0.,  ..., 1., 1., 0.], device='cuda:0')
ratio: 0.6627272727272727
pred_test: tensor([1., 0., 0.,  ..., 0., 0., 0.], device='cuda:0')
data: tensor([1., 0., 0.,  ..., 1., 1., 0.], device='cuda:0')
ratio: 0.6013636363636363
pred_test: tensor([1., 0., 0.,  ..., 0., 0., 0.], device='cuda:0')
data: tensor([1., 0., 0.,  ..., 1., 1., 0.], device='cuda:0')
ratio: 0.6281818181818182
pred_test: tensor([1., 0., 0.,  ..., 0., 0., 0.], device='cuda:0')
data: tensor([1., 0., 0.,  ..., 1., 1., 0.], device='cuda:0')
ratio: 0.6195454545454545
pred_test: tensor([1., 0., 0.,  ..., 0., 0., 0.], device='cuda:0')
data: tensor([1., 0., 0.,  ..., 1., 1., 0.], device='cuda:0')
ratio: 0.6181818181818182
pred_test: tensor([1., 0., 0.,  ..., 0., 0., 0.], device='cuda:0')
data: tensor([1., 0., 0.,  ..., 1., 1., 0.], device='cuda:0')
ratio: 0.6195454545454545
pred_test: tensor([1., 0., 0.,  ..., 0., 0., 0.], device='cuda:0')
data: tensor([1., 0., 0.,  ..., 1., 1., 0.], device='cuda:0')
ratio: 0.6404545454545455
pred_test: tensor([1., 0., 0.,  ..., 0., 0., 0.], device='cuda:0')
data: tensor([1., 0., 0.,  ..., 1., 1., 0.], device='cuda:0')
ratio: 0.6445454545454545
pred_test: tensor([1., 0., 0.,  ..., 0., 0., 0.], device='cuda:0')
data: tensor([1., 0., 0.,  ..., 1., 1., 0.], device='cuda:0')
ratio: 0.6640909090909091
pred_test: tensor([1., 0., 0.,  ..., 0., 0., 0.], device='cuda:0')
data: tensor([1., 0., 0.,  ..., 1., 1., 0.], device='cuda:0')
ratio: 0.675
pred_test: tensor([1., 0., 0.,  ..., 0., 0., 0.], device='cuda:0')
data: tensor([1., 0., 0.,  ..., 1., 1., 0.], device='cuda:0')
ratio: 0.6731818181818182
pred_test: tensor([1., 0., 0.,  ..., 0., 0., 0.], device='cuda:0')
data: tensor([1., 0., 0.,  ..., 1., 1., 0.], device='cuda:0')
ratio: 0.6786363636363636
pred_test: tensor([1., 0., 0.,  ..., 0., 0., 0.], device='cuda:0')
data: tensor([1., 0., 0.,  ..., 1., 1., 0.], device='cuda:0')
ratio: 0.6736363636363636
pred_test: tensor([1., 0., 0.,  ..., 1., 0., 0.], device='cuda:0')
data: tensor([1., 0., 0.,  ..., 1., 1., 0.], device='cuda:0')
ratio: 0.6845454545454546
pred_test: tensor([1., 0., 0.,  ..., 1., 0., 0.], device='cuda:0')
data: tensor([1., 0., 0.,  ..., 1., 1., 0.], device='cuda:0')
ratio: 0.6854545454545454
pred_test: tensor([1., 0., 0.,  ..., 1., 0., 0.], device='cuda:0')
data: tensor([1., 0., 0.,  ..., 1., 1., 0.], device='cuda:0')
ratio: 0.6831818181818182
pred_test: tensor([1., 0., 0.,  ..., 0., 0., 0.], device='cuda:0')
data: tensor([1., 0., 0.,  ..., 1., 1., 0.], device='cuda:0')
ratio: 0.6813636363636364
pred_test: tensor([1., 0., 0.,  ..., 1., 0., 0.], device='cuda:0')
data: tensor([1., 0., 0.,  ..., 1., 1., 0.], device='cuda:0')
ratio: 0.685
pred_test: tensor([1., 0., 0.,  ..., 1., 0., 0.], device='cuda:0')
data: tensor([1., 0., 0.,  ..., 1., 1., 0.], device='cuda:0')
ratio: 0.685
pred_test: tensor([1., 0., 0.,  ..., 1., 0., 0.], device='cuda:0')
data: tensor([1., 0., 0.,  ..., 1., 1., 0.], device='cuda:0')
ratio: 0.68
pred_test: tensor([1., 0., 0.,  ..., 1., 0., 0.], device='cuda:0')
data: tensor([1., 0., 0.,  ..., 1., 1., 0.], device='cuda:0')
ratio: 0.6813636363636364
pred_test: tensor([1., 0., 0.,  ..., 0., 0., 0.], device='cuda:0')
data: tensor([1., 0., 0.,  ..., 1., 1., 0.], device='cuda:0')
ratio: 0.6790909090909091
pred_test: tensor([1., 0., 0.,  ..., 0., 0., 0.], device='cuda:0')
data: tensor([1., 0., 0.,  ..., 1., 1., 0.], device='cuda:0')
ratio: 0.6781818181818182
pred_test: tensor([1., 0., 0.,  ..., 1., 0., 0.], device='cuda:0')
data: tensor([1., 0., 0.,  ..., 1., 1., 0.], device='cuda:0')
ratio: 0.6836363636363636
pred_test: tensor([1., 0., 0.,  ..., 1., 0., 0.], device='cuda:0')
data: tensor([1., 0., 0.,  ..., 1., 1., 0.], device='cuda:0')
ratio: 0.6804545454545454
pred_test: tensor([1., 0., 0.,  ..., 1., 0., 0.], device='cuda:0')
data: tensor([1., 0., 0.,  ..., 1., 1., 0.], device='cuda:0')
ratio: 0.6763636363636364
pred_test: tensor([1., 0., 0.,  ..., 1., 0., 0.], device='cuda:0')
data: tensor([1., 0., 0.,  ..., 1., 1., 0.], device='cuda:0')
ratio: 0.6818181818181818
pred_test: tensor([1., 0., 0.,  ..., 1., 0., 0.], device='cuda:0')
data: tensor([1., 0., 0.,  ..., 1., 1., 0.], device='cuda:0')
ratio: 0.6827272727272727
pred_test: tensor([1., 0., 0.,  ..., 1., 0., 0.], device='cuda:0')
data: tensor([1., 0., 0.,  ..., 1., 1., 0.], device='cuda:0')
ratio: 0.6840909090909091
pred_test: tensor([1., 0., 0.,  ..., 1., 0., 0.], device='cuda:0')
data: tensor([1., 0., 0.,  ..., 1., 1., 0.], device='cuda:0')
ratio: 0.6886363636363636
pred_test: tensor([1., 0., 0.,  ..., 1., 0., 0.], device='cuda:0')
data: tensor([1., 0., 0.,  ..., 1., 1., 0.], device='cuda:0')
ratio: 0.6863636363636364
pred_test: tensor([1., 0., 0.,  ..., 1., 0., 0.], device='cuda:0')
data: tensor([1., 0., 0.,  ..., 1., 1., 0.], device='cuda:0')
ratio: 0.6768181818181818
pred_test: tensor([1., 0., 0.,  ..., 1., 0., 0.], device='cuda:0')
data: tensor([1., 0., 0.,  ..., 1., 1., 0.], device='cuda:0')
ratio: 0.6854545454545454
pred_test: tensor([1., 0., 0.,  ..., 1., 0., 0.], device='cuda:0')
data: tensor([1., 0., 0.,  ..., 1., 1., 0.], device='cuda:0')
ratio: 0.6854545454545454
pred_test: tensor([1., 1., 0.,  ..., 1., 0., 0.], device='cuda:0')
data: tensor([1., 0., 0.,  ..., 1., 1., 0.], device='cuda:0')
ratio: 0.685
pred_test: tensor([1., 0., 0.,  ..., 1., 0., 0.], device='cuda:0')
data: tensor([1., 0., 0.,  ..., 1., 1., 0.], device='cuda:0')
ratio: 0.6831818181818182
pred_test: tensor([1., 0., 0.,  ..., 1., 0., 0.], device='cuda:0')
data: tensor([1., 0., 0.,  ..., 1., 1., 0.], device='cuda:0')
ratio: 0.69
pred_test: tensor([1., 0., 0.,  ..., 1., 0., 0.], device='cuda:0')
data: tensor([1., 0., 0.,  ..., 1., 1., 0.], device='cuda:0')
ratio: 0.6813636363636364
pred_test: tensor([1., 1., 0.,  ..., 1., 0., 0.], device='cuda:0')
data: tensor([1., 0., 0.,  ..., 1., 1., 0.], device='cuda:0')
ratio: 0.6859090909090909
pred_test: tensor([1., 0., 0.,  ..., 1., 0., 0.], device='cuda:0')
data: tensor([1., 0., 0.,  ..., 1., 1., 0.], device='cuda:0')
ratio: 0.6859090909090909
pred_test: tensor([1., 0., 0.,  ..., 1., 0., 0.], device='cuda:0')
data: tensor([1., 0., 0.,  ..., 1., 1., 0.], device='cuda:0')
ratio: 0.6859090909090909
pred_test: tensor([1., 0., 0.,  ..., 1., 0., 0.], device='cuda:0')
data: tensor([1., 0., 0.,  ..., 1., 1., 0.], device='cuda:0')
ratio: 0.6854545454545454
pred_test: tensor([1., 0., 0.,  ..., 1., 0., 0.], device='cuda:0')
data: tensor([1., 0., 0.,  ..., 1., 1., 0.], device='cuda:0')
ratio: 0.6863636363636364
pred_test: tensor([1., 1., 0.,  ..., 1., 0., 0.], device='cuda:0')
data: tensor([1., 0., 0.,  ..., 1., 1., 0.], device='cuda:0')
ratio: 0.6663636363636364
pred_test: tensor([1., 1., 1.,  ..., 1., 0., 0.], device='cuda:0')
data: tensor([1., 0., 0.,  ..., 1., 1., 0.], device='cuda:0')
ratio: 0.6681818181818182
pred_test: tensor([1., 1., 1.,  ..., 1., 0., 0.], device='cuda:0')
data: tensor([1., 0., 0.,  ..., 1., 1., 0.], device='cuda:0')
ratio: 0.6731818181818182
pred_test: tensor([1., 1., 0.,  ..., 1., 0., 0.], device='cuda:0')
data: tensor([1., 0., 0.,  ..., 1., 1., 0.], device='cuda:0')
ratio: 0.6777272727272727
pred_test: tensor([1., 1., 0.,  ..., 1., 0., 0.], device='cuda:0')
data: tensor([1., 0., 0.,  ..., 1., 1., 0.], device='cuda:0')
ratio: 0.6731818181818182
pred_test: tensor([1., 1., 0.,  ..., 1., 0., 0.], device='cuda:0')
data: tensor([1., 0., 0.,  ..., 1., 1., 0.], device='cuda:0')
ratio: 0.6745454545454546
pred_test: tensor([1., 1., 0.,  ..., 1., 0., 0.], device='cuda:0')
data: tensor([1., 0., 0.,  ..., 1., 1., 0.], device='cuda:0')
ratio: 0.6854545454545454
pred_test: tensor([1., 0., 0.,  ..., 1., 0., 0.], device='cuda:0')
data: tensor([1., 0., 0.,  ..., 1., 1., 0.], device='cuda:0')
ratio: 0.6836363636363636
pred_test: tensor([1., 1., 0.,  ..., 1., 0., 0.], device='cuda:0')
data: tensor([1., 0., 0.,  ..., 1., 1., 0.], device='cuda:0')
ratio: 0.6859090909090909
pred_test: tensor([1., 1., 0.,  ..., 1., 0., 0.], device='cuda:0')
data: tensor([1., 0., 0.,  ..., 1., 1., 0.], device='cuda:0')
ratio: 0.6790909090909091
pred_test: tensor([1., 0., 0.,  ..., 1., 0., 0.], device='cuda:0')
data: tensor([1., 0., 0.,  ..., 1., 1., 0.], device='cuda:0')
ratio: 0.68
pred_test: tensor([1., 0., 0.,  ..., 1., 0., 0.], device='cuda:0')
data: tensor([1., 0., 0.,  ..., 1., 1., 0.], device='cuda:0')
ratio: 0.6863636363636364
pred_test: tensor([1., 0., 0.,  ..., 1., 0., 0.], device='cuda:0')
data: tensor([1., 0., 0.,  ..., 1., 1., 0.], device='cuda:0')
ratio: 0.6845454545454546
pred_test: tensor([1., 0., 0.,  ..., 1., 0., 0.], device='cuda:0')
data: tensor([1., 0., 0.,  ..., 1., 1., 0.], device='cuda:0')
ratio: 0.6863636363636364
pred_test: tensor([1., 1., 0.,  ..., 1., 0., 0.], device='cuda:0')
data: tensor([1., 0., 0.,  ..., 1., 1., 0.], device='cuda:0')
ratio: 0.6777272727272727
pred_test: tensor([1., 0., 0.,  ..., 1., 0., 0.], device='cuda:0')
data: tensor([1., 0., 0.,  ..., 1., 1., 0.], device='cuda:0')
ratio: 0.6859090909090909
pred_test: tensor([1., 1., 0.,  ..., 1., 0., 0.], device='cuda:0')
data: tensor([1., 0., 0.,  ..., 1., 1., 0.], device='cuda:0')
ratio: 0.6804545454545454
pred_test: tensor([1., 0., 0.,  ..., 1., 0., 0.], device='cuda:0')
data: tensor([1., 0., 0.,  ..., 1., 1., 0.], device='cuda:0')
ratio: 0.6859090909090909
pred_test: tensor([1., 0., 0.,  ..., 1., 0., 0.], device='cuda:0')
data: tensor([1., 0., 0.,  ..., 1., 1., 0.], device='cuda:0')
ratio: 0.6840909090909091
pred_test: tensor([1., 0., 0.,  ..., 1., 0., 0.], device='cuda:0')
data: tensor([1., 0., 0.,  ..., 1., 1., 0.], device='cuda:0')
ratio: 0.6854545454545454
======pokec_nGCN======
auc_roc: 70.73232849781061 0.24911285240200165
Acc: 68.53636363636365 0.3034239866959745
f1: 61.9576604088386 0.49599326926977066
parity: 4.523476683932986 0.4653583734834611
equality: 7.389684642508519 0.4884391373540184

JOB STATISTICS
==============
Job ID: 9529778
Cluster: snellius
User/Group: tiancu/tiancu
State: COMPLETED (exit code 0)
Nodes: 1
Cores per node: 18
CPU Utilized: 00:01:50
CPU Efficiency: 5.14% of 00:35:42 core-walltime
Job Wall-clock time: 00:01:59
Memory Utilized: 1018.89 MB
Memory Efficiency: 0.83% of 120.00 GB
